!SESSION 2017-10-11 14:09:33.748 -----------------------------------------------
eclipse.buildId=4.6.3.M20170301-0400
java.version=1.8.0_65
java.vendor=Oracle Corporation
BootLoader constants: OS=win32, ARCH=x86_64, WS=win32, NL=de_DE
Framework arguments:  -product org.eclipse.epp.package.java.product
Command-line arguments:  -os win32 -ws win32 -arch x86_64 -product org.eclipse.epp.package.java.product

!ENTRY org.eclipse.egit.ui 2 0 2017-10-11 14:10:23.534
!MESSAGE Warning: The environment variable HOME is not set. The following directory will be used to store the Git
user global configuration and to define the default location to store repositories: 'C:\Users\freek'. If this is
not correct please set the HOME environment variable and restart Eclipse. Otherwise Git for Windows and
EGit might behave differently since they see different configuration options.
This warning can be switched off on the Team > Git > Confirmations and Warnings preference page.

!ENTRY org.eclipse.oomph.setup.ui 1 0 2017-10-11 14:10:36.164
!MESSAGE Setup tasks were performed during startup updating 170 preferences. See 'C:\MEINS\Programme\java-neon\eclipse\configuration\org.eclipse.oomph.setup\setup.log' for details

!ENTRY org.eclipse.core.jobs 4 2 2017-10-11 14:27:41.574
!MESSAGE An internal error occurred during: "Update validate job".
!STACK 0
java.lang.NullPointerException
	at org.eclipse.equinox.p2.operations.UpdateOperation.updatesFor(UpdateOperation.java:142)
	at org.eclipse.equinox.p2.operations.UpdateOperation.computeProfileChangeRequest(UpdateOperation.java:179)
	at org.eclipse.equinox.p2.operations.UpdateOperation$1.run(UpdateOperation.java:323)
	at org.eclipse.equinox.internal.p2.operations.SearchForUpdatesResolutionJob.runModal(SearchForUpdatesResolutionJob.java:37)
	at org.eclipse.equinox.p2.operations.ProfileChangeOperation.resolveModal(ProfileChangeOperation.java:115)
	at org.eclipse.equinox.internal.p2.ui.sdk.scheduler.AutomaticUpdater.updatesAvailable(AutomaticUpdater.java:111)
	at org.eclipse.equinox.internal.p2.ui.sdk.scheduler.AutomaticUpdater.updatesAvailable(AutomaticUpdater.java:92)
	at org.eclipse.equinox.internal.p2.ui.sdk.scheduler.AutomaticUpdater$6.run(AutomaticUpdater.java:351)
	at org.eclipse.core.internal.jobs.Worker.run(Worker.java:55)
!SESSION 2017-10-11 14:27:41.874 -----------------------------------------------
eclipse.buildId=4.6.3.M20170301-0400
java.version=1.8.0_65
java.vendor=Oracle Corporation
BootLoader constants: OS=win32, ARCH=x86_64, WS=win32, NL=de_DE
Framework arguments:  -product org.eclipse.epp.package.java.product -product org.eclipse.epp.package.java.product
Command-line arguments:  -os win32 -ws win32 -arch x86_64 -product org.eclipse.epp.package.java.product -data file:/C:/MEINS/Programme/Workspace/GBO/ -product org.eclipse.epp.package.java.product

!ENTRY org.eclipse.egit.ui 2 0 2017-10-11 14:27:59.780
!MESSAGE Warning: The environment variable HOME is not set. The following directory will be used to store the Git
user global configuration and to define the default location to store repositories: 'C:\Users\freek'. If this is
not correct please set the HOME environment variable and restart Eclipse. Otherwise Git for Windows and
EGit might behave differently since they see different configuration options.
This warning can be switched off on the Team > Git > Confirmations and Warnings preference page.

!ENTRY org.eclipse.equinox.ds 1 0 2017-10-11 14:28:00.104
!MESSAGE Could not bind a reference of component org.eclipse.fx.core.internal.JUtilLoggerFactory. The reference is: Reference[name = registerHandler, interface = java.util.logging.Handler, policy = dynamic, policy-option = greedy, cardinality = 0..n, target = null, bind = registerHandler, unbind = unregisterHandler, updated = null]

!ENTRY org.eclipse.oomph.setup.ui 1 0 2017-10-11 14:28:04.023
!MESSAGE Setup tasks were performed during startup updating 170 preferences. See 'C:\MEINS\Programme\java-neon\eclipse\configuration\org.eclipse.oomph.setup\setup.log' for details

!ENTRY org.eclipse.equinox.ds 1 0 2017-10-11 14:28:35.163
!MESSAGE Could not bind a reference of component org.eclipse.fx.ide.css.cssext.ui.internal.DefaultCssExtProvider. The reference is: Reference[name = ICSSExtModelProvider, interface = org.eclipse.fx.ide.css.cssext.ICSSExtModelProvider, policy = dynamic, cardinality = 0..n, target = null, bind = bindCssExtensionModelProvider, unbind = unbindCssExtensionModelProvider]
!SESSION 2017-10-11 14:34:56.279 -----------------------------------------------
eclipse.buildId=4.6.3.M20170301-0400
java.version=1.8.0_65
java.vendor=Oracle Corporation
BootLoader constants: OS=win32, ARCH=x86_64, WS=win32, NL=de_DE
Framework arguments:  -product org.eclipse.epp.package.java.product -product org.eclipse.epp.package.java.product -product org.eclipse.epp.package.java.product
Command-line arguments:  -os win32 -ws win32 -arch x86_64 -product org.eclipse.epp.package.java.product -product org.eclipse.epp.package.java.product -data file:/C:/MEINS/Programme/Workspace/GBO/ -product org.eclipse.epp.package.java.product

!ENTRY org.eclipse.ui 2 0 2017-10-11 14:35:02.423
!MESSAGE Warnings while parsing the commands from the 'org.eclipse.ui.commands' and 'org.eclipse.ui.actionDefinitions' extension points.
!SUBENTRY 1 org.eclipse.ui 2 0 2017-10-11 14:35:02.423
!MESSAGE Commands should really have a category: plug-in='net.sf.eclipsecs.ui', id='CheckstylePlugin.PurgeCaches', categoryId='net.sf.eclipsecs'

!ENTRY org.eclipse.ui 2 0 2017-10-11 14:35:02.911
!MESSAGE Warnings while parsing the commands from the 'org.eclipse.ui.commands' and 'org.eclipse.ui.actionDefinitions' extension points.
!SUBENTRY 1 org.eclipse.ui 2 0 2017-10-11 14:35:02.911
!MESSAGE Commands should really have a category: plug-in='net.sf.eclipsecs.ui', id='CheckstylePlugin.PurgeCaches', categoryId='net.sf.eclipsecs'

!ENTRY org.eclipse.egit.ui 2 0 2017-10-11 14:35:10.066
!MESSAGE Warning: The environment variable HOME is not set. The following directory will be used to store the Git
user global configuration and to define the default location to store repositories: 'C:\Users\freek'. If this is
not correct please set the HOME environment variable and restart Eclipse. Otherwise Git for Windows and
EGit might behave differently since they see different configuration options.
This warning can be switched off on the Team > Git > Confirmations and Warnings preference page.

!ENTRY org.eclipse.equinox.ds 1 0 2017-10-11 14:35:10.422
!MESSAGE Could not bind a reference of component org.eclipse.fx.core.internal.JUtilLoggerFactory. The reference is: Reference[name = registerHandler, interface = java.util.logging.Handler, policy = dynamic, policy-option = greedy, cardinality = 0..n, target = null, bind = registerHandler, unbind = unregisterHandler, updated = null]

!ENTRY org.eclipse.oomph.setup.ui 1 0 2017-10-11 14:35:14.400
!MESSAGE Setup tasks were performed during startup updating 170 preferences. See 'C:\MEINS\Programme\java-neon\eclipse\configuration\org.eclipse.oomph.setup\setup.log' for details

!ENTRY org.eclipse.equinox.ds 1 0 2017-10-11 14:35:40.031
!MESSAGE Could not bind a reference of component org.eclipse.fx.ide.css.cssext.ui.internal.DefaultCssExtProvider. The reference is: Reference[name = ICSSExtModelProvider, interface = org.eclipse.fx.ide.css.cssext.ICSSExtModelProvider, policy = dynamic, cardinality = 0..n, target = null, bind = bindCssExtensionModelProvider, unbind = unbindCssExtensionModelProvider]
!SESSION 2017-10-11 15:18:34.879 -----------------------------------------------
eclipse.buildId=4.7.0.I20170612-0950
java.version=1.8.0_65
java.vendor=Oracle Corporation
BootLoader constants: OS=win32, ARCH=x86_64, WS=win32, NL=de_DE
Framework arguments:  -product org.eclipse.epp.package.java.product
Command-line arguments:  -os win32 -ws win32 -arch x86_64 -product org.eclipse.epp.package.java.product

!ENTRY org.eclipse.e4.ui.workbench 2 0 2017-10-11 15:20:23.612
!MESSAGE Removing part descriptor with the 'org.eclipse.pde.api.tools.ui.views.apitooling.views.apitoolingview' id and the 'API Tools' description. Points to the invalid 'bundleclass://org.eclipse.ui.workbench/org.eclipse.ui.internal.e4.compatibility.CompatibilityView' class.

!ENTRY org.eclipse.egit.ui 2 0 2017-10-11 15:20:25.265
!MESSAGE Warning: The environment variable HOME is not set. The following directory will be used to store the Git
user global configuration and to define the default location to store repositories: 'C:\Users\freek'. If this is
not correct please set the HOME environment variable and restart Eclipse. Otherwise Git for Windows and
EGit might behave differently since they see different configuration options.
This warning can be switched off on the Team > Git > Confirmations and Warnings preference page.

!ENTRY org.eclipse.e4.ui.workbench 2 0 2017-10-11 15:20:26.759
!MESSAGE Removing part descriptor with the 'org.eclipse.pde.runtime.RegistryBrowser' id and the 'Plug-in Registry' description. Points to the invalid 'bundleclass://org.eclipse.ui.workbench/org.eclipse.ui.internal.e4.compatibility.CompatibilityView' class.

!ENTRY org.eclipse.e4.ui.workbench 2 0 2017-10-11 15:20:26.974
!MESSAGE Removing part descriptor with the 'org.eclipse.pde.ui.PluginsView' id and the 'Plug-ins' description. Points to the invalid 'bundleclass://org.eclipse.ui.workbench/org.eclipse.ui.internal.e4.compatibility.CompatibilityView' class.

!ENTRY org.eclipse.e4.ui.workbench 2 0 2017-10-11 15:20:26.986
!MESSAGE Removing part descriptor with the 'org.eclipse.pde.ui.DependenciesView' id and the 'Plug-in Dependencies' description. Points to the invalid 'bundleclass://org.eclipse.ui.workbench/org.eclipse.ui.internal.e4.compatibility.CompatibilityView' class.

!ENTRY org.eclipse.e4.ui.workbench 2 0 2017-10-11 15:20:27.004
!MESSAGE Removing part descriptor with the 'org.eclipse.pde.ui.TargetPlatformState' id and the 'Target Platform State' description. Points to the invalid 'bundleclass://org.eclipse.ui.workbench/org.eclipse.ui.internal.e4.compatibility.CompatibilityView' class.

!ENTRY org.eclipse.e4.ui.workbench 2 0 2017-10-11 15:20:27.014
!MESSAGE Removing part descriptor with the 'org.eclipse.pde.ui.ImageBrowserView' id and the 'Plug-in Image Browser' description. Points to the invalid 'bundleclass://org.eclipse.ui.workbench/org.eclipse.ui.internal.e4.compatibility.CompatibilityView' class.

!ENTRY org.eclipse.e4.ui.workbench 2 0 2017-10-11 15:20:27.135
!MESSAGE Removing part descriptor with the 'org.eclipse.wb.core.StructureView' id and the 'Structure' description. Points to the invalid 'bundleclass://org.eclipse.ui.workbench/org.eclipse.ui.internal.e4.compatibility.CompatibilityView' class.

!ENTRY org.eclipse.e4.ui.workbench 2 0 2017-10-11 15:20:27.146
!MESSAGE Removing part descriptor with the 'org.eclipse.wb.core.PaletteView' id and the 'Palette' description. Points to the invalid 'bundleclass://org.eclipse.ui.workbench/org.eclipse.ui.internal.e4.compatibility.CompatibilityView' class.

!ENTRY org.eclipse.e4.ui.workbench 2 0 2017-10-11 15:20:27.163
!MESSAGE Removing part descriptor with the 'com.python.pydev.ui.hierarchy.PyHierarchyView' id and the 'Hierarchy View' description. Points to the invalid 'bundleclass://org.eclipse.ui.workbench/org.eclipse.ui.internal.e4.compatibility.CompatibilityView' class.

!ENTRY org.eclipse.e4.ui.workbench 2 0 2017-10-11 15:20:27.173
!MESSAGE Removing part descriptor with the 'com.python.pydev.analysis.indexview.PyIndexView' id and the 'Index View' description. Points to the invalid 'bundleclass://org.eclipse.ui.workbench/org.eclipse.ui.internal.e4.compatibility.CompatibilityView' class.

!ENTRY org.eclipse.e4.ui.workbench 2 0 2017-10-11 15:20:27.183
!MESSAGE Removing part descriptor with the 'org.python.pydev.navigator.view' id and the 'PyDev Package Explorer' description. Points to the invalid 'bundleclass://org.eclipse.ui.workbench/org.eclipse.ui.internal.e4.compatibility.CompatibilityView' class.

!ENTRY org.eclipse.e4.ui.workbench 2 0 2017-10-11 15:20:27.201
!MESSAGE Removing part descriptor with the 'org.python.pydev.views.PyCodeCoverageView' id and the 'Code Coverage' description. Points to the invalid 'bundleclass://org.eclipse.ui.workbench/org.eclipse.ui.internal.e4.compatibility.CompatibilityView' class.

!ENTRY org.eclipse.e4.ui.workbench 2 0 2017-10-11 15:20:27.211
!MESSAGE Removing part descriptor with the 'org.python.pydev.debug.profile.ProfileView' id and the 'Profile (PyVmMonitor)' description. Points to the invalid 'bundleclass://org.eclipse.ui.workbench/org.eclipse.ui.internal.e4.compatibility.CompatibilityView' class.

!ENTRY org.eclipse.e4.ui.workbench 2 0 2017-10-11 15:20:27.229
!MESSAGE Removing part descriptor with the 'org.python.pydev.views.ReferrersView' id and the 'Referrers View' description. Points to the invalid 'bundleclass://org.eclipse.ui.workbench/org.eclipse.ui.internal.e4.compatibility.CompatibilityView' class.

!ENTRY org.eclipse.e4.ui.workbench 2 0 2017-10-11 15:20:27.238
!MESSAGE Removing part descriptor with the 'org.python.pydev.views.CurrentExceptionView' id and the 'Caught Exceptions' description. Points to the invalid 'bundleclass://org.eclipse.ui.workbench/org.eclipse.ui.internal.e4.compatibility.CompatibilityView' class.

!ENTRY org.eclipse.e4.ui.workbench 2 0 2017-10-11 15:20:27.245
!MESSAGE Removing part descriptor with the 'org.python.pydev.debug.pyunit.pyUnitView' id and the 'PyUnit' description. Points to the invalid 'bundleclass://org.eclipse.ui.workbench/org.eclipse.ui.internal.e4.compatibility.CompatibilityView' class.

!ENTRY org.eclipse.e4.ui.workbench 2 0 2017-10-11 15:20:27.251
!MESSAGE Removing part descriptor with the 'org.eclipse.fx.ide.ui.preview' id and the 'JavaFX Preview' description. Points to the invalid 'bundleclass://org.eclipse.ui.workbench/org.eclipse.ui.internal.e4.compatibility.CompatibilityView' class.

!ENTRY org.eclipse.e4.ui.workbench 2 0 2017-10-11 15:20:27.257
!MESSAGE Removing part descriptor with the 'org.eclipse.xtend.ide.view.DerivedSourceView' id and the 'Generated Code' description. Points to the invalid 'bundleclass://org.eclipse.ui.workbench/org.eclipse.ui.internal.e4.compatibility.CompatibilityView' class.

!ENTRY org.eclipse.e4.ui.workbench 2 0 2017-10-11 15:20:27.263
!MESSAGE Removing part descriptor with the 'org.eclipse.xtext.ui.XtextCallHierarchy' id and the 'Call Hierarchy' description. Points to the invalid 'bundleclass://org.eclipse.ui.workbench/org.eclipse.ui.internal.e4.compatibility.CompatibilityView' class.

!ENTRY org.eclipse.e4.ui.workbench 2 0 2017-10-11 15:20:27.269
!MESSAGE Removing part descriptor with the 'org.eclipse.xtext.xtext.ui.graph.view' id and the 'Xtext Syntax Graph' description. Points to the invalid 'bundleclass://org.eclipse.ui.workbench/org.eclipse.ui.internal.e4.compatibility.CompatibilityView' class.

!ENTRY org.eclipse.e4.ui.workbench 2 0 2017-10-11 15:20:27.275
!MESSAGE Removing part descriptor with the 'net.sf.eclipsecs.ui.stats.views.MarkerStatsView' id and the 'Checkstyle violations' description. Points to the invalid 'bundleclass://org.eclipse.ui.workbench/org.eclipse.ui.internal.e4.compatibility.CompatibilityView' class.

!ENTRY org.eclipse.e4.ui.workbench 2 0 2017-10-11 15:20:27.280
!MESSAGE Removing part descriptor with the 'net.sf.eclipsecs.ui.stats.views.GraphStatsView' id and the 'Checkstyle violations chart' description. Points to the invalid 'bundleclass://org.eclipse.ui.workbench/org.eclipse.ui.internal.e4.compatibility.CompatibilityView' class.

!ENTRY org.eclipse.oomph.setup.ui 1 0 2017-10-11 15:20:41.182
!MESSAGE Setup tasks were performed during startup updating 170 preferences. See 'C:\MEINS\Programme\001_IDEs\eclipseOxygen\configuration\org.eclipse.oomph.setup\setup.log' for details
!SESSION 2017-10-11 15:24:38.189 -----------------------------------------------
eclipse.buildId=4.7.0.I20170612-0950
java.version=1.8.0_65
java.vendor=Oracle Corporation
BootLoader constants: OS=win32, ARCH=x86_64, WS=win32, NL=de_DE
Framework arguments:  -product org.eclipse.epp.package.java.product -product org.eclipse.epp.package.java.product
Command-line arguments:  -os win32 -ws win32 -arch x86_64 -product org.eclipse.epp.package.java.product -data file:/C:/MEINS/Programme/Workspace/GBO/ -product org.eclipse.epp.package.java.product

!ENTRY org.eclipse.ui 2 0 2017-10-11 15:24:46.997
!MESSAGE Warnings while parsing the commands from the 'org.eclipse.ui.commands' and 'org.eclipse.ui.actionDefinitions' extension points.
!SUBENTRY 1 org.eclipse.ui 2 0 2017-10-11 15:24:46.997
!MESSAGE Commands should really have a category: plug-in='net.sf.eclipsecs.ui', id='CheckstylePlugin.PurgeCaches', categoryId='net.sf.eclipsecs'

!ENTRY org.eclipse.ui 2 0 2017-10-11 15:24:47.654
!MESSAGE Warnings while parsing the commands from the 'org.eclipse.ui.commands' and 'org.eclipse.ui.actionDefinitions' extension points.
!SUBENTRY 1 org.eclipse.ui 2 0 2017-10-11 15:24:47.654
!MESSAGE Commands should really have a category: plug-in='net.sf.eclipsecs.ui', id='CheckstylePlugin.PurgeCaches', categoryId='net.sf.eclipsecs'

!ENTRY org.eclipse.egit.ui 2 0 2017-10-11 15:24:59.157
!MESSAGE Warning: The environment variable HOME is not set. The following directory will be used to store the Git
user global configuration and to define the default location to store repositories: 'C:\Users\freek'. If this is
not correct please set the HOME environment variable and restart Eclipse. Otherwise Git for Windows and
EGit might behave differently since they see different configuration options.
This warning can be switched off on the Team > Git > Confirmations and Warnings preference page.

!ENTRY org.eclipse.oomph.setup.ui 1 0 2017-10-11 15:25:09.057
!MESSAGE Setup tasks were performed during startup updating 170 preferences. See 'C:\MEINS\Programme\001_IDEs\eclipseOxygen\configuration\org.eclipse.oomph.setup\setup.log' for details

!ENTRY org.eclipse.jdt.ui 4 10001 2017-10-11 15:40:09.501
!MESSAGE Internal Error
!STACK 1
Java Model Exception: Java Model Status [C:\Program Files\Java\jre1.8.0_65\lib\ext\jfxrt.jar is not on its project's build path]
	at org.eclipse.jdt.internal.core.PackageFragmentRoot.getRawClasspathEntry(PackageFragmentRoot.java:562)
	at org.eclipse.jdt.internal.core.JavaElement.getJavadocBaseLocation(JavaElement.java:728)
	at org.eclipse.jdt.internal.core.BinaryType.getJavadocContents(BinaryType.java:1011)
	at org.eclipse.jdt.internal.core.BinaryMethod.getAttachedJavadoc(BinaryMethod.java:717)
	at org.eclipse.jdt.internal.ui.text.javadoc.JavadocContentAccess2.getHTMLContent(JavadocContentAccess2.java:538)
	at org.eclipse.jdt.internal.ui.text.java.ProposalInfo.extractJavadoc(ProposalInfo.java:90)
	at org.eclipse.jdt.internal.ui.text.java.ProposalInfo.computeInfo(ProposalInfo.java:75)
	at org.eclipse.jdt.internal.ui.text.java.ProposalInfo.getInfo(ProposalInfo.java:60)
	at org.eclipse.jdt.internal.ui.text.java.AbstractJavaCompletionProposal.getAdditionalProposalInfo(AbstractJavaCompletionProposal.java:603)
	at org.eclipse.jface.text.contentassist.AdditionalInfoController$Timer$2$1.run(AdditionalInfoController.java:113)
	at org.eclipse.core.internal.jobs.Worker.run(Worker.java:56)
!SUBENTRY 1 org.eclipse.jdt.core 4 1006 2017-10-11 15:40:09.502
!MESSAGE C:\Program Files\Java\jre1.8.0_65\lib\ext\jfxrt.jar is not on its project's build path

!ENTRY org.eclipse.jdt.ui 4 10001 2017-10-11 15:45:18.849
!MESSAGE Internal Error
!STACK 1
Java Model Exception: Java Model Status [C:\Program Files\Java\jre1.8.0_65\lib\ext\jfxrt.jar is not on its project's build path]
	at org.eclipse.jdt.internal.core.PackageFragmentRoot.getRawClasspathEntry(PackageFragmentRoot.java:562)
	at org.eclipse.jdt.internal.core.JavaElement.getJavadocBaseLocation(JavaElement.java:728)
	at org.eclipse.jdt.internal.core.BinaryType.getJavadocContents(BinaryType.java:1011)
	at org.eclipse.jdt.internal.core.BinaryMethod.getAttachedJavadoc(BinaryMethod.java:717)
	at org.eclipse.jdt.internal.ui.text.javadoc.JavadocContentAccess2.getHTMLContent(JavadocContentAccess2.java:538)
	at org.eclipse.jdt.internal.ui.text.java.ProposalInfo.extractJavadoc(ProposalInfo.java:90)
	at org.eclipse.jdt.internal.ui.text.java.ProposalInfo.computeInfo(ProposalInfo.java:75)
	at org.eclipse.jdt.internal.ui.text.java.ProposalInfo.getInfo(ProposalInfo.java:60)
	at org.eclipse.jdt.internal.ui.text.java.AbstractJavaCompletionProposal.getAdditionalProposalInfo(AbstractJavaCompletionProposal.java:603)
	at org.eclipse.jface.text.contentassist.AdditionalInfoController$Timer$2$1.run(AdditionalInfoController.java:113)
	at org.eclipse.core.internal.jobs.Worker.run(Worker.java:56)
!SUBENTRY 1 org.eclipse.jdt.core 4 1006 2017-10-11 15:45:18.849
!MESSAGE C:\Program Files\Java\jre1.8.0_65\lib\ext\jfxrt.jar is not on its project's build path

!ENTRY org.eclipse.jdt.ui 4 10001 2017-10-11 15:45:26.486
!MESSAGE Internal Error
!STACK 1
Java Model Exception: Java Model Status [C:\Program Files\Java\jre1.8.0_65\lib\ext\jfxrt.jar is not on its project's build path]
	at org.eclipse.jdt.internal.core.PackageFragmentRoot.getRawClasspathEntry(PackageFragmentRoot.java:562)
	at org.eclipse.jdt.internal.core.JavaElement.getJavadocBaseLocation(JavaElement.java:728)
	at org.eclipse.jdt.internal.core.BinaryType.getJavadocContents(BinaryType.java:1011)
	at org.eclipse.jdt.internal.core.BinaryMethod.getAttachedJavadoc(BinaryMethod.java:717)
	at org.eclipse.jdt.internal.ui.text.javadoc.JavadocContentAccess2.getHTMLContent(JavadocContentAccess2.java:538)
	at org.eclipse.jdt.internal.ui.text.java.ProposalInfo.extractJavadoc(ProposalInfo.java:90)
	at org.eclipse.jdt.internal.ui.text.java.ProposalInfo.computeInfo(ProposalInfo.java:75)
	at org.eclipse.jdt.internal.ui.text.java.ProposalInfo.getInfo(ProposalInfo.java:60)
	at org.eclipse.jdt.internal.ui.text.java.AbstractJavaCompletionProposal.getAdditionalProposalInfo(AbstractJavaCompletionProposal.java:603)
	at org.eclipse.jface.text.contentassist.AdditionalInfoController$Timer$2$1.run(AdditionalInfoController.java:113)
	at org.eclipse.core.internal.jobs.Worker.run(Worker.java:56)
!SUBENTRY 1 org.eclipse.jdt.core 4 1006 2017-10-11 15:45:26.486
!MESSAGE C:\Program Files\Java\jre1.8.0_65\lib\ext\jfxrt.jar is not on its project's build path
!SESSION 2017-10-11 15:51:47.277 -----------------------------------------------
eclipse.buildId=4.7.0.I20170612-0950
java.version=1.8.0_65
java.vendor=Oracle Corporation
BootLoader constants: OS=win32, ARCH=x86_64, WS=win32, NL=de_DE
Framework arguments:  -product org.eclipse.epp.package.java.product
Command-line arguments:  -os win32 -ws win32 -arch x86_64 -product org.eclipse.epp.package.java.product

!ENTRY org.eclipse.ui 2 0 2017-10-11 15:51:57.465
!MESSAGE Warnings while parsing the commands from the 'org.eclipse.ui.commands' and 'org.eclipse.ui.actionDefinitions' extension points.
!SUBENTRY 1 org.eclipse.ui 2 0 2017-10-11 15:51:57.465
!MESSAGE Commands should really have a category: plug-in='net.sf.eclipsecs.ui', id='CheckstylePlugin.PurgeCaches', categoryId='net.sf.eclipsecs'

!ENTRY org.eclipse.ui 2 0 2017-10-11 15:51:58.824
!MESSAGE Warnings while parsing the commands from the 'org.eclipse.ui.commands' and 'org.eclipse.ui.actionDefinitions' extension points.
!SUBENTRY 1 org.eclipse.ui 2 0 2017-10-11 15:51:58.824
!MESSAGE Commands should really have a category: plug-in='net.sf.eclipsecs.ui', id='CheckstylePlugin.PurgeCaches', categoryId='net.sf.eclipsecs'

!ENTRY org.eclipse.egit.ui 2 0 2017-10-11 15:52:17.356
!MESSAGE Warning: The environment variable HOME is not set. The following directory will be used to store the Git
user global configuration and to define the default location to store repositories: 'C:\Users\freek'. If this is
not correct please set the HOME environment variable and restart Eclipse. Otherwise Git for Windows and
EGit might behave differently since they see different configuration options.
This warning can be switched off on the Team > Git > Confirmations and Warnings preference page.

!ENTRY org.eclipse.oomph.setup.ui 1 0 2017-10-11 15:52:36.234
!MESSAGE Setup tasks were performed during startup updating 170 preferences. See 'C:\MEINS\Programme\001_IDEs\eclipseOxygen\configuration\org.eclipse.oomph.setup\setup.log' for details

!ENTRY net.sf.eclipsecs.core 4 0 2017-10-11 16:22:55.296
!MESSAGE Checkstyle-Plugin: Exception was thrown while processing C:\MEINS\Programme\Workspace\GBO\GBO\src\gui\plusminus\PlusMinus.java
!STACK 0
com.puppycrawl.tools.checkstyle.api.CheckstyleException: Exception was thrown while processing C:\MEINS\Programme\Workspace\GBO\GBO\src\gui\plusminus\PlusMinus.java
	at com.puppycrawl.tools.checkstyle.Checker.processFiles(Checker.java:295)
	at com.puppycrawl.tools.checkstyle.Checker.process(Checker.java:213)
	at net.sf.eclipsecs.core.builder.Auditor.runAudit(Auditor.java:158)
	at net.sf.eclipsecs.core.builder.CheckstyleBuilder.handleBuildSelection(CheckstyleBuilder.java:301)
	at net.sf.eclipsecs.core.builder.CheckstyleBuilder.build(CheckstyleBuilder.java:172)
	at org.eclipse.core.internal.events.BuildManager$2.run(BuildManager.java:735)
	at org.eclipse.core.runtime.SafeRunner.run(SafeRunner.java:42)
	at org.eclipse.core.internal.events.BuildManager.basicBuild(BuildManager.java:206)
	at org.eclipse.core.internal.events.BuildManager.basicBuild(BuildManager.java:246)
	at org.eclipse.core.internal.events.BuildManager$1.run(BuildManager.java:301)
	at org.eclipse.core.runtime.SafeRunner.run(SafeRunner.java:42)
	at org.eclipse.core.internal.events.BuildManager.basicBuild(BuildManager.java:304)
	at org.eclipse.core.internal.events.BuildManager.basicBuildLoop(BuildManager.java:360)
	at org.eclipse.core.internal.events.BuildManager.build(BuildManager.java:383)
	at org.eclipse.core.internal.events.AutoBuildJob.doBuild(AutoBuildJob.java:142)
	at org.eclipse.core.internal.events.AutoBuildJob.run(AutoBuildJob.java:232)
	at org.eclipse.core.internal.jobs.Worker.run(Worker.java:56)
Caused by: com.puppycrawl.tools.checkstyle.api.CheckstyleException: MismatchedTokenException occurred during the analysis of file C:\MEINS\Programme\Workspace\GBO\GBO\src\gui\plusminus\PlusMinus.java.
	at com.puppycrawl.tools.checkstyle.TreeWalker.processFiltered(TreeWalker.java:199)
	at com.puppycrawl.tools.checkstyle.api.AbstractFileSetCheck.process(AbstractFileSetCheck.java:78)
	at com.puppycrawl.tools.checkstyle.Checker.processFile(Checker.java:316)
	at com.puppycrawl.tools.checkstyle.Checker.processFiles(Checker.java:286)
	... 16 more
Caused by: C:\MEINS\Programme\Workspace\GBO\GBO\src\gui\plusminus\PlusMinus.java:34:9: expecting EOF, found 'primaryStage'
	at antlr.Parser.match(Parser.java:211)
	at com.puppycrawl.tools.checkstyle.grammars.GeneratedJavaRecognizer.compilationUnit(GeneratedJavaRecognizer.java:211)
	at com.puppycrawl.tools.checkstyle.TreeWalker.parse(TreeWalker.java:446)
	at com.puppycrawl.tools.checkstyle.TreeWalker.processFiltered(TreeWalker.java:179)
	... 19 more

!ENTRY net.sf.eclipsecs.core 4 0 2017-10-11 16:23:41.582
!MESSAGE Checkstyle-Plugin: Exception was thrown while processing C:\MEINS\Programme\Workspace\GBO\GBO\src\gui\plusminus\PlusMinus.java
!STACK 0
com.puppycrawl.tools.checkstyle.api.CheckstyleException: Exception was thrown while processing C:\MEINS\Programme\Workspace\GBO\GBO\src\gui\plusminus\PlusMinus.java
	at com.puppycrawl.tools.checkstyle.Checker.processFiles(Checker.java:295)
	at com.puppycrawl.tools.checkstyle.Checker.process(Checker.java:213)
	at net.sf.eclipsecs.core.builder.Auditor.runAudit(Auditor.java:158)
	at net.sf.eclipsecs.core.builder.CheckstyleBuilder.handleBuildSelection(CheckstyleBuilder.java:301)
	at net.sf.eclipsecs.core.builder.CheckstyleBuilder.build(CheckstyleBuilder.java:172)
	at org.eclipse.core.internal.events.BuildManager$2.run(BuildManager.java:735)
	at org.eclipse.core.runtime.SafeRunner.run(SafeRunner.java:42)
	at org.eclipse.core.internal.events.BuildManager.basicBuild(BuildManager.java:206)
	at org.eclipse.core.internal.events.BuildManager.basicBuild(BuildManager.java:246)
	at org.eclipse.core.internal.events.BuildManager$1.run(BuildManager.java:301)
	at org.eclipse.core.runtime.SafeRunner.run(SafeRunner.java:42)
	at org.eclipse.core.internal.events.BuildManager.basicBuild(BuildManager.java:304)
	at org.eclipse.core.internal.events.BuildManager.basicBuildLoop(BuildManager.java:360)
	at org.eclipse.core.internal.events.BuildManager.build(BuildManager.java:383)
	at org.eclipse.core.internal.events.AutoBuildJob.doBuild(AutoBuildJob.java:142)
	at org.eclipse.core.internal.events.AutoBuildJob.run(AutoBuildJob.java:232)
	at org.eclipse.core.internal.jobs.Worker.run(Worker.java:56)
Caused by: com.puppycrawl.tools.checkstyle.api.CheckstyleException: MismatchedTokenException occurred during the analysis of file C:\MEINS\Programme\Workspace\GBO\GBO\src\gui\plusminus\PlusMinus.java.
	at com.puppycrawl.tools.checkstyle.TreeWalker.processFiltered(TreeWalker.java:199)
	at com.puppycrawl.tools.checkstyle.api.AbstractFileSetCheck.process(AbstractFileSetCheck.java:78)
	at com.puppycrawl.tools.checkstyle.Checker.processFile(Checker.java:316)
	at com.puppycrawl.tools.checkstyle.Checker.processFiles(Checker.java:286)
	... 16 more
Caused by: C:\MEINS\Programme\Workspace\GBO\GBO\src\gui\plusminus\PlusMinus.java:39:9: expecting EOF, found 'primaryStage'
	at antlr.Parser.match(Parser.java:211)
	at com.puppycrawl.tools.checkstyle.grammars.GeneratedJavaRecognizer.compilationUnit(GeneratedJavaRecognizer.java:211)
	at com.puppycrawl.tools.checkstyle.TreeWalker.parse(TreeWalker.java:446)
	at com.puppycrawl.tools.checkstyle.TreeWalker.processFiltered(TreeWalker.java:179)
	... 19 more
!SESSION 2017-10-14 23:01:13.685 -----------------------------------------------
eclipse.buildId=4.7.0.I20170612-0950
java.version=1.8.0_65
java.vendor=Oracle Corporation
BootLoader constants: OS=win32, ARCH=x86_64, WS=win32, NL=de_DE
Framework arguments:  -product org.eclipse.epp.package.java.product
Command-line arguments:  -os win32 -ws win32 -arch x86_64 -product org.eclipse.epp.package.java.product

!ENTRY org.eclipse.ui 2 0 2017-10-14 23:01:31.340
!MESSAGE Warnings while parsing the commands from the 'org.eclipse.ui.commands' and 'org.eclipse.ui.actionDefinitions' extension points.
!SUBENTRY 1 org.eclipse.ui 2 0 2017-10-14 23:01:31.340
!MESSAGE Commands should really have a category: plug-in='net.sf.eclipsecs.ui', id='CheckstylePlugin.PurgeCaches', categoryId='net.sf.eclipsecs'

!ENTRY org.eclipse.ui 2 0 2017-10-14 23:01:33.376
!MESSAGE Warnings while parsing the commands from the 'org.eclipse.ui.commands' and 'org.eclipse.ui.actionDefinitions' extension points.
!SUBENTRY 1 org.eclipse.ui 2 0 2017-10-14 23:01:33.376
!MESSAGE Commands should really have a category: plug-in='net.sf.eclipsecs.ui', id='CheckstylePlugin.PurgeCaches', categoryId='net.sf.eclipsecs'

!ENTRY org.eclipse.egit.ui 2 0 2017-10-14 23:01:56.347
!MESSAGE Warning: The environment variable HOME is not set. The following directory will be used to store the Git
user global configuration and to define the default location to store repositories: 'C:\Users\freek'. If this is
not correct please set the HOME environment variable and restart Eclipse. Otherwise Git for Windows and
EGit might behave differently since they see different configuration options.
This warning can be switched off on the Team > Git > Confirmations and Warnings preference page.

!ENTRY org.eclipse.oomph.setup.ui 1 0 2017-10-14 23:02:08.486
!MESSAGE Setup tasks were performed during startup updating 170 preferences. See 'C:\MEINS\Programme\001_IDEs\eclipseOxygen\configuration\org.eclipse.oomph.setup\setup.log' for details

!ENTRY net.sf.eclipsecs.core 4 0 2017-10-15 07:54:13.999
!MESSAGE Checkstyle-Plugin: Exception was thrown while processing C:\MEINS\Programme\Workspace\GBO\GBO\src\gui\uebungen\Actor.java
!STACK 0
com.puppycrawl.tools.checkstyle.api.CheckstyleException: Exception was thrown while processing C:\MEINS\Programme\Workspace\GBO\GBO\src\gui\uebungen\Actor.java
	at com.puppycrawl.tools.checkstyle.Checker.processFiles(Checker.java:295)
	at com.puppycrawl.tools.checkstyle.Checker.process(Checker.java:213)
	at net.sf.eclipsecs.core.builder.Auditor.runAudit(Auditor.java:158)
	at net.sf.eclipsecs.core.builder.CheckstyleBuilder.handleBuildSelection(CheckstyleBuilder.java:301)
	at net.sf.eclipsecs.core.builder.CheckstyleBuilder.build(CheckstyleBuilder.java:172)
	at org.eclipse.core.internal.events.BuildManager$2.run(BuildManager.java:735)
	at org.eclipse.core.runtime.SafeRunner.run(SafeRunner.java:42)
	at org.eclipse.core.internal.events.BuildManager.basicBuild(BuildManager.java:206)
	at org.eclipse.core.internal.events.BuildManager.basicBuild(BuildManager.java:246)
	at org.eclipse.core.internal.events.BuildManager$1.run(BuildManager.java:301)
	at org.eclipse.core.runtime.SafeRunner.run(SafeRunner.java:42)
	at org.eclipse.core.internal.events.BuildManager.basicBuild(BuildManager.java:304)
	at org.eclipse.core.internal.events.BuildManager.basicBuildLoop(BuildManager.java:360)
	at org.eclipse.core.internal.events.BuildManager.build(BuildManager.java:383)
	at org.eclipse.core.internal.events.AutoBuildJob.doBuild(AutoBuildJob.java:142)
	at org.eclipse.core.internal.events.AutoBuildJob.run(AutoBuildJob.java:232)
	at org.eclipse.core.internal.jobs.Worker.run(Worker.java:56)
Caused by: com.puppycrawl.tools.checkstyle.api.CheckstyleException: MismatchedTokenException occurred during the analysis of file C:\MEINS\Programme\Workspace\GBO\GBO\src\gui\uebungen\Actor.java.
	at com.puppycrawl.tools.checkstyle.TreeWalker.processFiltered(TreeWalker.java:199)
	at com.puppycrawl.tools.checkstyle.api.AbstractFileSetCheck.process(AbstractFileSetCheck.java:78)
	at com.puppycrawl.tools.checkstyle.Checker.processFile(Checker.java:316)
	at com.puppycrawl.tools.checkstyle.Checker.processFiles(Checker.java:286)
	... 16 more
Caused by: C:\MEINS\Programme\Workspace\GBO\GBO\src\gui\uebungen\Actor.java:31:5: expecting EOF, found '}'
	at antlr.Parser.match(Parser.java:211)
	at com.puppycrawl.tools.checkstyle.grammars.GeneratedJavaRecognizer.compilationUnit(GeneratedJavaRecognizer.java:211)
	at com.puppycrawl.tools.checkstyle.TreeWalker.parse(TreeWalker.java:446)
	at com.puppycrawl.tools.checkstyle.TreeWalker.processFiltered(TreeWalker.java:179)
	... 19 more

!ENTRY net.sf.eclipsecs.core 4 0 2017-10-15 07:54:54.512
!MESSAGE Checkstyle-Plugin: Exception was thrown while processing C:\MEINS\Programme\Workspace\GBO\GBO\src\gui\uebungen\Role.java
!STACK 0
com.puppycrawl.tools.checkstyle.api.CheckstyleException: Exception was thrown while processing C:\MEINS\Programme\Workspace\GBO\GBO\src\gui\uebungen\Role.java
	at com.puppycrawl.tools.checkstyle.Checker.processFiles(Checker.java:295)
	at com.puppycrawl.tools.checkstyle.Checker.process(Checker.java:213)
	at net.sf.eclipsecs.core.builder.Auditor.runAudit(Auditor.java:158)
	at net.sf.eclipsecs.core.builder.CheckstyleBuilder.handleBuildSelection(CheckstyleBuilder.java:301)
	at net.sf.eclipsecs.core.builder.CheckstyleBuilder.build(CheckstyleBuilder.java:172)
	at org.eclipse.core.internal.events.BuildManager$2.run(BuildManager.java:735)
	at org.eclipse.core.runtime.SafeRunner.run(SafeRunner.java:42)
	at org.eclipse.core.internal.events.BuildManager.basicBuild(BuildManager.java:206)
	at org.eclipse.core.internal.events.BuildManager.basicBuild(BuildManager.java:246)
	at org.eclipse.core.internal.events.BuildManager$1.run(BuildManager.java:301)
	at org.eclipse.core.runtime.SafeRunner.run(SafeRunner.java:42)
	at org.eclipse.core.internal.events.BuildManager.basicBuild(BuildManager.java:304)
	at org.eclipse.core.internal.events.BuildManager.basicBuildLoop(BuildManager.java:360)
	at org.eclipse.core.internal.events.BuildManager.build(BuildManager.java:383)
	at org.eclipse.core.internal.events.AutoBuildJob.doBuild(AutoBuildJob.java:142)
	at org.eclipse.core.internal.events.AutoBuildJob.run(AutoBuildJob.java:232)
	at org.eclipse.core.internal.jobs.Worker.run(Worker.java:56)
Caused by: com.puppycrawl.tools.checkstyle.api.CheckstyleException: MismatchedTokenException occurred during the analysis of file C:\MEINS\Programme\Workspace\GBO\GBO\src\gui\uebungen\Role.java.
	at com.puppycrawl.tools.checkstyle.TreeWalker.processFiltered(TreeWalker.java:199)
	at com.puppycrawl.tools.checkstyle.api.AbstractFileSetCheck.process(AbstractFileSetCheck.java:78)
	at com.puppycrawl.tools.checkstyle.Checker.processFile(Checker.java:316)
	at com.puppycrawl.tools.checkstyle.Checker.processFiles(Checker.java:286)
	... 16 more
Caused by: C:\MEINS\Programme\Workspace\GBO\GBO\src\gui\uebungen\Role.java:9:5: expecting EOF, found '}'
	at antlr.Parser.match(Parser.java:211)
	at com.puppycrawl.tools.checkstyle.grammars.GeneratedJavaRecognizer.compilationUnit(GeneratedJavaRecognizer.java:211)
	at com.puppycrawl.tools.checkstyle.TreeWalker.parse(TreeWalker.java:446)
	at com.puppycrawl.tools.checkstyle.TreeWalker.processFiltered(TreeWalker.java:179)
	... 19 more

!ENTRY net.sf.eclipsecs.core 4 0 2017-10-15 15:12:04.949
!MESSAGE Checkstyle-Plugin: Exception was thrown while processing C:\MEINS\Programme\Workspace\GBO\GBO\src\gui\uebungen\Actor.java
!STACK 0
com.puppycrawl.tools.checkstyle.api.CheckstyleException: Exception was thrown while processing C:\MEINS\Programme\Workspace\GBO\GBO\src\gui\uebungen\Actor.java
	at com.puppycrawl.tools.checkstyle.Checker.processFiles(Checker.java:295)
	at com.puppycrawl.tools.checkstyle.Checker.process(Checker.java:213)
	at net.sf.eclipsecs.core.builder.Auditor.runAudit(Auditor.java:158)
	at net.sf.eclipsecs.core.builder.CheckstyleBuilder.handleBuildSelection(CheckstyleBuilder.java:301)
	at net.sf.eclipsecs.core.builder.CheckstyleBuilder.build(CheckstyleBuilder.java:172)
	at org.eclipse.core.internal.events.BuildManager$2.run(BuildManager.java:735)
	at org.eclipse.core.runtime.SafeRunner.run(SafeRunner.java:42)
	at org.eclipse.core.internal.events.BuildManager.basicBuild(BuildManager.java:206)
	at org.eclipse.core.internal.events.BuildManager.basicBuild(BuildManager.java:246)
	at org.eclipse.core.internal.events.BuildManager$1.run(BuildManager.java:301)
	at org.eclipse.core.runtime.SafeRunner.run(SafeRunner.java:42)
	at org.eclipse.core.internal.events.BuildManager.basicBuild(BuildManager.java:304)
	at org.eclipse.core.internal.events.BuildManager.basicBuildLoop(BuildManager.java:360)
	at org.eclipse.core.internal.events.BuildManager.build(BuildManager.java:383)
	at org.eclipse.core.internal.events.AutoBuildJob.doBuild(AutoBuildJob.java:142)
	at org.eclipse.core.internal.events.AutoBuildJob.run(AutoBuildJob.java:232)
	at org.eclipse.core.internal.jobs.Worker.run(Worker.java:56)
Caused by: com.puppycrawl.tools.checkstyle.api.CheckstyleException: MismatchedTokenException occurred during the analysis of file C:\MEINS\Programme\Workspace\GBO\GBO\src\gui\uebungen\Actor.java.
	at com.puppycrawl.tools.checkstyle.TreeWalker.processFiltered(TreeWalker.java:199)
	at com.puppycrawl.tools.checkstyle.api.AbstractFileSetCheck.process(AbstractFileSetCheck.java:78)
	at com.puppycrawl.tools.checkstyle.Checker.processFile(Checker.java:316)
	at com.puppycrawl.tools.checkstyle.Checker.processFiles(Checker.java:286)
	... 16 more
Caused by: C:\MEINS\Programme\Workspace\GBO\GBO\src\gui\uebungen\Actor.java:46:1: expecting EOF, found '}'
	at antlr.Parser.match(Parser.java:211)
	at com.puppycrawl.tools.checkstyle.grammars.GeneratedJavaRecognizer.compilationUnit(GeneratedJavaRecognizer.java:211)
	at com.puppycrawl.tools.checkstyle.TreeWalker.parse(TreeWalker.java:446)
	at com.puppycrawl.tools.checkstyle.TreeWalker.processFiltered(TreeWalker.java:179)
	... 19 more

!ENTRY net.sf.eclipsecs.core 4 0 2017-10-15 15:13:19.469
!MESSAGE Checkstyle-Plugin: Exception was thrown while processing C:\MEINS\Programme\Workspace\GBO\GBO\src\gui\uebungen\Actor.java
!STACK 0
com.puppycrawl.tools.checkstyle.api.CheckstyleException: Exception was thrown while processing C:\MEINS\Programme\Workspace\GBO\GBO\src\gui\uebungen\Actor.java
	at com.puppycrawl.tools.checkstyle.Checker.processFiles(Checker.java:295)
	at com.puppycrawl.tools.checkstyle.Checker.process(Checker.java:213)
	at net.sf.eclipsecs.core.builder.Auditor.runAudit(Auditor.java:158)
	at net.sf.eclipsecs.core.builder.CheckstyleBuilder.handleBuildSelection(CheckstyleBuilder.java:301)
	at net.sf.eclipsecs.core.builder.CheckstyleBuilder.build(CheckstyleBuilder.java:172)
	at org.eclipse.core.internal.events.BuildManager$2.run(BuildManager.java:735)
	at org.eclipse.core.runtime.SafeRunner.run(SafeRunner.java:42)
	at org.eclipse.core.internal.events.BuildManager.basicBuild(BuildManager.java:206)
	at org.eclipse.core.internal.events.BuildManager.basicBuild(BuildManager.java:246)
	at org.eclipse.core.internal.events.BuildManager$1.run(BuildManager.java:301)
	at org.eclipse.core.runtime.SafeRunner.run(SafeRunner.java:42)
	at org.eclipse.core.internal.events.BuildManager.basicBuild(BuildManager.java:304)
	at org.eclipse.core.internal.events.BuildManager.basicBuildLoop(BuildManager.java:360)
	at org.eclipse.core.internal.events.BuildManager.build(BuildManager.java:383)
	at org.eclipse.core.internal.events.AutoBuildJob.doBuild(AutoBuildJob.java:142)
	at org.eclipse.core.internal.events.AutoBuildJob.run(AutoBuildJob.java:232)
	at org.eclipse.core.internal.jobs.Worker.run(Worker.java:56)
Caused by: com.puppycrawl.tools.checkstyle.api.CheckstyleException: MismatchedTokenException occurred during the analysis of file C:\MEINS\Programme\Workspace\GBO\GBO\src\gui\uebungen\Actor.java.
	at com.puppycrawl.tools.checkstyle.TreeWalker.processFiltered(TreeWalker.java:199)
	at com.puppycrawl.tools.checkstyle.api.AbstractFileSetCheck.process(AbstractFileSetCheck.java:78)
	at com.puppycrawl.tools.checkstyle.Checker.processFile(Checker.java:316)
	at com.puppycrawl.tools.checkstyle.Checker.processFiles(Checker.java:286)
	... 16 more
Caused by: C:\MEINS\Programme\Workspace\GBO\GBO\src\gui\uebungen\Actor.java:46:1: expecting EOF, found '}'
	at antlr.Parser.match(Parser.java:211)
	at com.puppycrawl.tools.checkstyle.grammars.GeneratedJavaRecognizer.compilationUnit(GeneratedJavaRecognizer.java:211)
	at com.puppycrawl.tools.checkstyle.TreeWalker.parse(TreeWalker.java:446)
	at com.puppycrawl.tools.checkstyle.TreeWalker.processFiltered(TreeWalker.java:179)
	... 19 more

!ENTRY net.sf.eclipsecs.core 4 0 2017-10-15 15:13:26.627
!MESSAGE Checkstyle-Plugin: Exception was thrown while processing C:\MEINS\Programme\Workspace\GBO\GBO\src\gui\uebungen\Actor.java
!STACK 0
com.puppycrawl.tools.checkstyle.api.CheckstyleException: Exception was thrown while processing C:\MEINS\Programme\Workspace\GBO\GBO\src\gui\uebungen\Actor.java
	at com.puppycrawl.tools.checkstyle.Checker.processFiles(Checker.java:295)
	at com.puppycrawl.tools.checkstyle.Checker.process(Checker.java:213)
	at net.sf.eclipsecs.core.builder.Auditor.runAudit(Auditor.java:158)
	at net.sf.eclipsecs.core.builder.CheckstyleBuilder.handleBuildSelection(CheckstyleBuilder.java:301)
	at net.sf.eclipsecs.core.builder.CheckstyleBuilder.build(CheckstyleBuilder.java:172)
	at org.eclipse.core.internal.events.BuildManager$2.run(BuildManager.java:735)
	at org.eclipse.core.runtime.SafeRunner.run(SafeRunner.java:42)
	at org.eclipse.core.internal.events.BuildManager.basicBuild(BuildManager.java:206)
	at org.eclipse.core.internal.events.BuildManager.basicBuild(BuildManager.java:246)
	at org.eclipse.core.internal.events.BuildManager$1.run(BuildManager.java:301)
	at org.eclipse.core.runtime.SafeRunner.run(SafeRunner.java:42)
	at org.eclipse.core.internal.events.BuildManager.basicBuild(BuildManager.java:304)
	at org.eclipse.core.internal.events.BuildManager.basicBuildLoop(BuildManager.java:360)
	at org.eclipse.core.internal.events.BuildManager.build(BuildManager.java:383)
	at org.eclipse.core.internal.events.AutoBuildJob.doBuild(AutoBuildJob.java:142)
	at org.eclipse.core.internal.events.AutoBuildJob.run(AutoBuildJob.java:232)
	at org.eclipse.core.internal.jobs.Worker.run(Worker.java:56)
Caused by: com.puppycrawl.tools.checkstyle.api.CheckstyleException: MismatchedTokenException occurred during the analysis of file C:\MEINS\Programme\Workspace\GBO\GBO\src\gui\uebungen\Actor.java.
	at com.puppycrawl.tools.checkstyle.TreeWalker.processFiltered(TreeWalker.java:199)
	at com.puppycrawl.tools.checkstyle.api.AbstractFileSetCheck.process(AbstractFileSetCheck.java:78)
	at com.puppycrawl.tools.checkstyle.Checker.processFile(Checker.java:316)
	at com.puppycrawl.tools.checkstyle.Checker.processFiles(Checker.java:286)
	... 16 more
Caused by: C:\MEINS\Programme\Workspace\GBO\GBO\src\gui\uebungen\Actor.java:46:1: expecting EOF, found '}'
	at antlr.Parser.match(Parser.java:211)
	at com.puppycrawl.tools.checkstyle.grammars.GeneratedJavaRecognizer.compilationUnit(GeneratedJavaRecognizer.java:211)
	at com.puppycrawl.tools.checkstyle.TreeWalker.parse(TreeWalker.java:446)
	at com.puppycrawl.tools.checkstyle.TreeWalker.processFiltered(TreeWalker.java:179)
	... 19 more

!ENTRY net.sf.eclipsecs.core 4 0 2017-10-15 15:14:35.537
!MESSAGE Checkstyle-Plugin: Exception was thrown while processing C:\MEINS\Programme\Workspace\GBO\GBO\src\gui\uebungen\Actor.java
!STACK 0
com.puppycrawl.tools.checkstyle.api.CheckstyleException: Exception was thrown while processing C:\MEINS\Programme\Workspace\GBO\GBO\src\gui\uebungen\Actor.java
	at com.puppycrawl.tools.checkstyle.Checker.processFiles(Checker.java:295)
	at com.puppycrawl.tools.checkstyle.Checker.process(Checker.java:213)
	at net.sf.eclipsecs.core.builder.Auditor.runAudit(Auditor.java:158)
	at net.sf.eclipsecs.core.builder.CheckstyleBuilder.handleBuildSelection(CheckstyleBuilder.java:301)
	at net.sf.eclipsecs.core.builder.CheckstyleBuilder.build(CheckstyleBuilder.java:172)
	at org.eclipse.core.internal.events.BuildManager$2.run(BuildManager.java:735)
	at org.eclipse.core.runtime.SafeRunner.run(SafeRunner.java:42)
	at org.eclipse.core.internal.events.BuildManager.basicBuild(BuildManager.java:206)
	at org.eclipse.core.internal.events.BuildManager.basicBuild(BuildManager.java:246)
	at org.eclipse.core.internal.events.BuildManager$1.run(BuildManager.java:301)
	at org.eclipse.core.runtime.SafeRunner.run(SafeRunner.java:42)
	at org.eclipse.core.internal.events.BuildManager.basicBuild(BuildManager.java:304)
	at org.eclipse.core.internal.events.BuildManager.basicBuildLoop(BuildManager.java:360)
	at org.eclipse.core.internal.events.BuildManager.build(BuildManager.java:383)
	at org.eclipse.core.internal.events.AutoBuildJob.doBuild(AutoBuildJob.java:142)
	at org.eclipse.core.internal.events.AutoBuildJob.run(AutoBuildJob.java:232)
	at org.eclipse.core.internal.jobs.Worker.run(Worker.java:56)
Caused by: com.puppycrawl.tools.checkstyle.api.CheckstyleException: MismatchedTokenException occurred during the analysis of file C:\MEINS\Programme\Workspace\GBO\GBO\src\gui\uebungen\Actor.java.
	at com.puppycrawl.tools.checkstyle.TreeWalker.processFiltered(TreeWalker.java:199)
	at com.puppycrawl.tools.checkstyle.api.AbstractFileSetCheck.process(AbstractFileSetCheck.java:78)
	at com.puppycrawl.tools.checkstyle.Checker.processFile(Checker.java:316)
	at com.puppycrawl.tools.checkstyle.Checker.processFiles(Checker.java:286)
	... 16 more
Caused by: C:\MEINS\Programme\Workspace\GBO\GBO\src\gui\uebungen\Actor.java:46:1: expecting EOF, found '}'
	at antlr.Parser.match(Parser.java:211)
	at com.puppycrawl.tools.checkstyle.grammars.GeneratedJavaRecognizer.compilationUnit(GeneratedJavaRecognizer.java:211)
	at com.puppycrawl.tools.checkstyle.TreeWalker.parse(TreeWalker.java:446)
	at com.puppycrawl.tools.checkstyle.TreeWalker.processFiltered(TreeWalker.java:179)
	... 19 more

!ENTRY net.sf.eclipsecs.core 4 0 2017-10-15 15:14:45.298
!MESSAGE Checkstyle-Plugin: Exception was thrown while processing C:\MEINS\Programme\Workspace\GBO\GBO\src\gui\uebungen\Role.java
!STACK 0
com.puppycrawl.tools.checkstyle.api.CheckstyleException: Exception was thrown while processing C:\MEINS\Programme\Workspace\GBO\GBO\src\gui\uebungen\Role.java
	at com.puppycrawl.tools.checkstyle.Checker.processFiles(Checker.java:295)
	at com.puppycrawl.tools.checkstyle.Checker.process(Checker.java:213)
	at net.sf.eclipsecs.core.builder.Auditor.runAudit(Auditor.java:158)
	at net.sf.eclipsecs.core.builder.CheckstyleBuilder.handleBuildSelection(CheckstyleBuilder.java:301)
	at net.sf.eclipsecs.core.builder.CheckstyleBuilder.build(CheckstyleBuilder.java:172)
	at org.eclipse.core.internal.events.BuildManager$2.run(BuildManager.java:735)
	at org.eclipse.core.runtime.SafeRunner.run(SafeRunner.java:42)
	at org.eclipse.core.internal.events.BuildManager.basicBuild(BuildManager.java:206)
	at org.eclipse.core.internal.events.BuildManager.basicBuild(BuildManager.java:246)
	at org.eclipse.core.internal.events.BuildManager$1.run(BuildManager.java:301)
	at org.eclipse.core.runtime.SafeRunner.run(SafeRunner.java:42)
	at org.eclipse.core.internal.events.BuildManager.basicBuild(BuildManager.java:304)
	at org.eclipse.core.internal.events.BuildManager.basicBuildLoop(BuildManager.java:360)
	at org.eclipse.core.internal.events.BuildManager.build(BuildManager.java:383)
	at org.eclipse.core.internal.events.AutoBuildJob.doBuild(AutoBuildJob.java:142)
	at org.eclipse.core.internal.events.AutoBuildJob.run(AutoBuildJob.java:232)
	at org.eclipse.core.internal.jobs.Worker.run(Worker.java:56)
Caused by: com.puppycrawl.tools.checkstyle.api.CheckstyleException: MismatchedTokenException occurred during the analysis of file C:\MEINS\Programme\Workspace\GBO\GBO\src\gui\uebungen\Role.java.
	at com.puppycrawl.tools.checkstyle.TreeWalker.processFiltered(TreeWalker.java:199)
	at com.puppycrawl.tools.checkstyle.api.AbstractFileSetCheck.process(AbstractFileSetCheck.java:78)
	at com.puppycrawl.tools.checkstyle.Checker.processFile(Checker.java:316)
	at com.puppycrawl.tools.checkstyle.Checker.processFiles(Checker.java:286)
	... 16 more
Caused by: C:\MEINS\Programme\Workspace\GBO\GBO\src\gui\uebungen\Role.java:9:5: expecting EOF, found '}'
	at antlr.Parser.match(Parser.java:211)
	at com.puppycrawl.tools.checkstyle.grammars.GeneratedJavaRecognizer.compilationUnit(GeneratedJavaRecognizer.java:211)
	at com.puppycrawl.tools.checkstyle.TreeWalker.parse(TreeWalker.java:446)
	at com.puppycrawl.tools.checkstyle.TreeWalker.processFiltered(TreeWalker.java:179)
	... 19 more

!ENTRY net.sf.eclipsecs.core 4 0 2017-10-15 15:15:25.771
!MESSAGE Checkstyle-Plugin: Exception was thrown while processing C:\MEINS\Programme\Workspace\GBO\GBO\src\gui\uebungen\Actor.java
!STACK 0
com.puppycrawl.tools.checkstyle.api.CheckstyleException: Exception was thrown while processing C:\MEINS\Programme\Workspace\GBO\GBO\src\gui\uebungen\Actor.java
	at com.puppycrawl.tools.checkstyle.Checker.processFiles(Checker.java:295)
	at com.puppycrawl.tools.checkstyle.Checker.process(Checker.java:213)
	at net.sf.eclipsecs.core.builder.Auditor.runAudit(Auditor.java:158)
	at net.sf.eclipsecs.core.builder.CheckstyleBuilder.handleBuildSelection(CheckstyleBuilder.java:301)
	at net.sf.eclipsecs.core.builder.CheckstyleBuilder.build(CheckstyleBuilder.java:172)
	at org.eclipse.core.internal.events.BuildManager$2.run(BuildManager.java:735)
	at org.eclipse.core.runtime.SafeRunner.run(SafeRunner.java:42)
	at org.eclipse.core.internal.events.BuildManager.basicBuild(BuildManager.java:206)
	at org.eclipse.core.internal.events.BuildManager.basicBuild(BuildManager.java:246)
	at org.eclipse.core.internal.events.BuildManager$1.run(BuildManager.java:301)
	at org.eclipse.core.runtime.SafeRunner.run(SafeRunner.java:42)
	at org.eclipse.core.internal.events.BuildManager.basicBuild(BuildManager.java:304)
	at org.eclipse.core.internal.events.BuildManager.basicBuildLoop(BuildManager.java:360)
	at org.eclipse.core.internal.events.BuildManager.build(BuildManager.java:383)
	at org.eclipse.core.internal.events.AutoBuildJob.doBuild(AutoBuildJob.java:142)
	at org.eclipse.core.internal.events.AutoBuildJob.run(AutoBuildJob.java:232)
	at org.eclipse.core.internal.jobs.Worker.run(Worker.java:56)
Caused by: com.puppycrawl.tools.checkstyle.api.CheckstyleException: MismatchedTokenException occurred during the analysis of file C:\MEINS\Programme\Workspace\GBO\GBO\src\gui\uebungen\Actor.java.
	at com.puppycrawl.tools.checkstyle.TreeWalker.processFiltered(TreeWalker.java:199)
	at com.puppycrawl.tools.checkstyle.api.AbstractFileSetCheck.process(AbstractFileSetCheck.java:78)
	at com.puppycrawl.tools.checkstyle.Checker.processFile(Checker.java:316)
	at com.puppycrawl.tools.checkstyle.Checker.processFiles(Checker.java:286)
	... 16 more
Caused by: C:\MEINS\Programme\Workspace\GBO\GBO\src\gui\uebungen\Actor.java:45:1: expecting EOF, found '}'
	at antlr.Parser.match(Parser.java:211)
	at com.puppycrawl.tools.checkstyle.grammars.GeneratedJavaRecognizer.compilationUnit(GeneratedJavaRecognizer.java:211)
	at com.puppycrawl.tools.checkstyle.TreeWalker.parse(TreeWalker.java:446)
	at com.puppycrawl.tools.checkstyle.TreeWalker.processFiltered(TreeWalker.java:179)
	... 19 more

!ENTRY org.eclipse.recommenders.rcp 4 18 2017-10-15 15:15:32.184
!MESSAGE Failed to resolve selection in =GBO/src<gui.uebungen{Actor.java at offset 882.
!STACK 0
org.eclipse.recommenders.utils.Logs$LogTraceException
	at org.eclipse.recommenders.utils.Logs$LogTraceException.newTrace(Logs.java:381)
	at org.eclipse.recommenders.utils.Logs.log(Logs.java:134)
	at org.eclipse.recommenders.internal.rcp.JavaElementSelections.resolveJavaElementFromTypeRootInEditor(JavaElementSelections.java:164)
	at org.eclipse.recommenders.internal.rcp.JavaElementSelections.resolveJavaElementFromEditor(JavaElementSelections.java:119)
	at org.eclipse.recommenders.internal.rcp.JavaElementSelections.resolveJavaElementFromEditor(JavaElementSelections.java:102)
	at org.eclipse.recommenders.internal.rcp.JavaElementSelectionService.handleSelectionInEditor(JavaElementSelectionService.java:108)
	at org.eclipse.recommenders.internal.rcp.JavaElementSelectionService.access$1(JavaElementSelectionService.java:105)
	at org.eclipse.recommenders.internal.rcp.JavaElementSelectionService$1.run(JavaElementSelectionService.java:82)
	at java.util.concurrent.Executors$RunnableAdapter.call(Unknown Source)
	at java.util.concurrent.FutureTask.run(Unknown Source)
	at java.util.concurrent.ScheduledThreadPoolExecutor$ScheduledFutureTask.access$201(Unknown Source)
	at java.util.concurrent.ScheduledThreadPoolExecutor$ScheduledFutureTask.run(Unknown Source)
	at java.util.concurrent.ThreadPoolExecutor.runWorker(Unknown Source)
	at java.util.concurrent.ThreadPoolExecutor$Worker.run(Unknown Source)
	at java.lang.Thread.run(Unknown Source)

!ENTRY net.sf.eclipsecs.core 4 0 2017-10-15 15:15:45.260
!MESSAGE Checkstyle-Plugin: Exception was thrown while processing C:\MEINS\Programme\Workspace\GBO\GBO\src\gui\uebungen\Actor.java
!STACK 0
com.puppycrawl.tools.checkstyle.api.CheckstyleException: Exception was thrown while processing C:\MEINS\Programme\Workspace\GBO\GBO\src\gui\uebungen\Actor.java
	at com.puppycrawl.tools.checkstyle.Checker.processFiles(Checker.java:295)
	at com.puppycrawl.tools.checkstyle.Checker.process(Checker.java:213)
	at net.sf.eclipsecs.core.builder.Auditor.runAudit(Auditor.java:158)
	at net.sf.eclipsecs.core.builder.CheckstyleBuilder.handleBuildSelection(CheckstyleBuilder.java:301)
	at net.sf.eclipsecs.core.builder.CheckstyleBuilder.build(CheckstyleBuilder.java:172)
	at org.eclipse.core.internal.events.BuildManager$2.run(BuildManager.java:735)
	at org.eclipse.core.runtime.SafeRunner.run(SafeRunner.java:42)
	at org.eclipse.core.internal.events.BuildManager.basicBuild(BuildManager.java:206)
	at org.eclipse.core.internal.events.BuildManager.basicBuild(BuildManager.java:246)
	at org.eclipse.core.internal.events.BuildManager$1.run(BuildManager.java:301)
	at org.eclipse.core.runtime.SafeRunner.run(SafeRunner.java:42)
	at org.eclipse.core.internal.events.BuildManager.basicBuild(BuildManager.java:304)
	at org.eclipse.core.internal.events.BuildManager.basicBuildLoop(BuildManager.java:360)
	at org.eclipse.core.internal.events.BuildManager.build(BuildManager.java:383)
	at org.eclipse.core.internal.events.AutoBuildJob.doBuild(AutoBuildJob.java:142)
	at org.eclipse.core.internal.events.AutoBuildJob.run(AutoBuildJob.java:232)
	at org.eclipse.core.internal.jobs.Worker.run(Worker.java:56)
Caused by: com.puppycrawl.tools.checkstyle.api.CheckstyleException: MismatchedTokenException occurred during the analysis of file C:\MEINS\Programme\Workspace\GBO\GBO\src\gui\uebungen\Actor.java.
	at com.puppycrawl.tools.checkstyle.TreeWalker.processFiltered(TreeWalker.java:199)
	at com.puppycrawl.tools.checkstyle.api.AbstractFileSetCheck.process(AbstractFileSetCheck.java:78)
	at com.puppycrawl.tools.checkstyle.Checker.processFile(Checker.java:316)
	at com.puppycrawl.tools.checkstyle.Checker.processFiles(Checker.java:286)
	... 16 more
Caused by: C:\MEINS\Programme\Workspace\GBO\GBO\src\gui\uebungen\Actor.java:31:5: expecting EOF, found '}'
	at antlr.Parser.match(Parser.java:211)
	at com.puppycrawl.tools.checkstyle.grammars.GeneratedJavaRecognizer.compilationUnit(GeneratedJavaRecognizer.java:211)
	at com.puppycrawl.tools.checkstyle.TreeWalker.parse(TreeWalker.java:446)
	at com.puppycrawl.tools.checkstyle.TreeWalker.processFiltered(TreeWalker.java:179)
	... 19 more

!ENTRY net.sf.eclipsecs.core 4 0 2017-10-15 15:17:10.165
!MESSAGE Checkstyle-Plugin: Exception was thrown while processing C:\MEINS\Programme\Workspace\GBO\GBO\src\gui\uebungen\Actor.java
!STACK 0
com.puppycrawl.tools.checkstyle.api.CheckstyleException: Exception was thrown while processing C:\MEINS\Programme\Workspace\GBO\GBO\src\gui\uebungen\Actor.java
	at com.puppycrawl.tools.checkstyle.Checker.processFiles(Checker.java:295)
	at com.puppycrawl.tools.checkstyle.Checker.process(Checker.java:213)
	at net.sf.eclipsecs.core.builder.Auditor.runAudit(Auditor.java:158)
	at net.sf.eclipsecs.core.builder.CheckstyleBuilder.handleBuildSelection(CheckstyleBuilder.java:301)
	at net.sf.eclipsecs.core.builder.CheckstyleBuilder.build(CheckstyleBuilder.java:172)
	at org.eclipse.core.internal.events.BuildManager$2.run(BuildManager.java:735)
	at org.eclipse.core.runtime.SafeRunner.run(SafeRunner.java:42)
	at org.eclipse.core.internal.events.BuildManager.basicBuild(BuildManager.java:206)
	at org.eclipse.core.internal.events.BuildManager.basicBuild(BuildManager.java:246)
	at org.eclipse.core.internal.events.BuildManager$1.run(BuildManager.java:301)
	at org.eclipse.core.runtime.SafeRunner.run(SafeRunner.java:42)
	at org.eclipse.core.internal.events.BuildManager.basicBuild(BuildManager.java:304)
	at org.eclipse.core.internal.events.BuildManager.basicBuildLoop(BuildManager.java:360)
	at org.eclipse.core.internal.events.BuildManager.build(BuildManager.java:383)
	at org.eclipse.core.internal.events.AutoBuildJob.doBuild(AutoBuildJob.java:142)
	at org.eclipse.core.internal.events.AutoBuildJob.run(AutoBuildJob.java:232)
	at org.eclipse.core.internal.jobs.Worker.run(Worker.java:56)
Caused by: com.puppycrawl.tools.checkstyle.api.CheckstyleException: MismatchedTokenException occurred during the analysis of file C:\MEINS\Programme\Workspace\GBO\GBO\src\gui\uebungen\Actor.java.
	at com.puppycrawl.tools.checkstyle.TreeWalker.processFiltered(TreeWalker.java:199)
	at com.puppycrawl.tools.checkstyle.api.AbstractFileSetCheck.process(AbstractFileSetCheck.java:78)
	at com.puppycrawl.tools.checkstyle.Checker.processFile(Checker.java:316)
	at com.puppycrawl.tools.checkstyle.Checker.processFiles(Checker.java:286)
	... 16 more
Caused by: C:\MEINS\Programme\Workspace\GBO\GBO\src\gui\uebungen\Actor.java:41:5: expecting EOF, found '}'
	at antlr.Parser.match(Parser.java:211)
	at com.puppycrawl.tools.checkstyle.grammars.GeneratedJavaRecognizer.compilationUnit(GeneratedJavaRecognizer.java:211)
	at com.puppycrawl.tools.checkstyle.TreeWalker.parse(TreeWalker.java:446)
	at com.puppycrawl.tools.checkstyle.TreeWalker.processFiltered(TreeWalker.java:179)
	... 19 more

!ENTRY net.sf.eclipsecs.core 4 0 2017-10-15 15:26:37.275
!MESSAGE Checkstyle-Plugin: Exception was thrown while processing C:\MEINS\Programme\Workspace\GBO\GBO\src\gui\uebungen\Role1.java
!STACK 0
com.puppycrawl.tools.checkstyle.api.CheckstyleException: Exception was thrown while processing C:\MEINS\Programme\Workspace\GBO\GBO\src\gui\uebungen\Role1.java
	at com.puppycrawl.tools.checkstyle.Checker.processFiles(Checker.java:295)
	at com.puppycrawl.tools.checkstyle.Checker.process(Checker.java:213)
	at net.sf.eclipsecs.core.builder.Auditor.runAudit(Auditor.java:158)
	at net.sf.eclipsecs.core.builder.CheckstyleBuilder.handleBuildSelection(CheckstyleBuilder.java:301)
	at net.sf.eclipsecs.core.builder.CheckstyleBuilder.build(CheckstyleBuilder.java:172)
	at org.eclipse.core.internal.events.BuildManager$2.run(BuildManager.java:735)
	at org.eclipse.core.runtime.SafeRunner.run(SafeRunner.java:42)
	at org.eclipse.core.internal.events.BuildManager.basicBuild(BuildManager.java:206)
	at org.eclipse.core.internal.events.BuildManager.basicBuild(BuildManager.java:246)
	at org.eclipse.core.internal.events.BuildManager$1.run(BuildManager.java:301)
	at org.eclipse.core.runtime.SafeRunner.run(SafeRunner.java:42)
	at org.eclipse.core.internal.events.BuildManager.basicBuild(BuildManager.java:304)
	at org.eclipse.core.internal.events.BuildManager.basicBuildLoop(BuildManager.java:360)
	at org.eclipse.core.internal.events.BuildManager.build(BuildManager.java:383)
	at org.eclipse.core.internal.events.AutoBuildJob.doBuild(AutoBuildJob.java:142)
	at org.eclipse.core.internal.events.AutoBuildJob.run(AutoBuildJob.java:232)
	at org.eclipse.core.internal.jobs.Worker.run(Worker.java:56)
Caused by: com.puppycrawl.tools.checkstyle.api.CheckstyleException: MismatchedTokenException occurred during the analysis of file C:\MEINS\Programme\Workspace\GBO\GBO\src\gui\uebungen\Role1.java.
	at com.puppycrawl.tools.checkstyle.TreeWalker.processFiltered(TreeWalker.java:199)
	at com.puppycrawl.tools.checkstyle.api.AbstractFileSetCheck.process(AbstractFileSetCheck.java:78)
	at com.puppycrawl.tools.checkstyle.Checker.processFile(Checker.java:316)
	at com.puppycrawl.tools.checkstyle.Checker.processFiles(Checker.java:286)
	... 16 more
Caused by: C:\MEINS\Programme\Workspace\GBO\GBO\src\gui\uebungen\Role1.java:35:5: expecting EOF, found '}'
	at antlr.Parser.match(Parser.java:211)
	at com.puppycrawl.tools.checkstyle.grammars.GeneratedJavaRecognizer.compilationUnit(GeneratedJavaRecognizer.java:211)
	at com.puppycrawl.tools.checkstyle.TreeWalker.parse(TreeWalker.java:446)
	at com.puppycrawl.tools.checkstyle.TreeWalker.processFiltered(TreeWalker.java:179)
	... 19 more

!ENTRY net.sf.eclipsecs.core 4 0 2017-10-15 15:29:54.066
!MESSAGE Checkstyle-Plugin: Exception was thrown while processing C:\MEINS\Programme\Workspace\GBO\GBO\src\gui\uebungen\Actor.java
!STACK 0
com.puppycrawl.tools.checkstyle.api.CheckstyleException: Exception was thrown while processing C:\MEINS\Programme\Workspace\GBO\GBO\src\gui\uebungen\Actor.java
	at com.puppycrawl.tools.checkstyle.Checker.processFiles(Checker.java:295)
	at com.puppycrawl.tools.checkstyle.Checker.process(Checker.java:213)
	at net.sf.eclipsecs.core.builder.Auditor.runAudit(Auditor.java:158)
	at net.sf.eclipsecs.core.builder.CheckstyleBuilder.handleBuildSelection(CheckstyleBuilder.java:301)
	at net.sf.eclipsecs.core.builder.CheckstyleBuilder.build(CheckstyleBuilder.java:172)
	at org.eclipse.core.internal.events.BuildManager$2.run(BuildManager.java:735)
	at org.eclipse.core.runtime.SafeRunner.run(SafeRunner.java:42)
	at org.eclipse.core.internal.events.BuildManager.basicBuild(BuildManager.java:206)
	at org.eclipse.core.internal.events.BuildManager.basicBuild(BuildManager.java:246)
	at org.eclipse.core.internal.events.BuildManager$1.run(BuildManager.java:301)
	at org.eclipse.core.runtime.SafeRunner.run(SafeRunner.java:42)
	at org.eclipse.core.internal.events.BuildManager.basicBuild(BuildManager.java:304)
	at org.eclipse.core.internal.events.BuildManager.basicBuildLoop(BuildManager.java:360)
	at org.eclipse.core.internal.events.BuildManager.build(BuildManager.java:383)
	at org.eclipse.core.internal.events.AutoBuildJob.doBuild(AutoBuildJob.java:142)
	at org.eclipse.core.internal.events.AutoBuildJob.run(AutoBuildJob.java:232)
	at org.eclipse.core.internal.jobs.Worker.run(Worker.java:56)
Caused by: com.puppycrawl.tools.checkstyle.api.CheckstyleException: MismatchedTokenException occurred during the analysis of file C:\MEINS\Programme\Workspace\GBO\GBO\src\gui\uebungen\Actor.java.
	at com.puppycrawl.tools.checkstyle.TreeWalker.processFiltered(TreeWalker.java:199)
	at com.puppycrawl.tools.checkstyle.api.AbstractFileSetCheck.process(AbstractFileSetCheck.java:78)
	at com.puppycrawl.tools.checkstyle.Checker.processFile(Checker.java:316)
	at com.puppycrawl.tools.checkstyle.Checker.processFiles(Checker.java:286)
	... 16 more
Caused by: C:\MEINS\Programme\Workspace\GBO\GBO\src\gui\uebungen\Actor.java:31:9: expecting EOF, found 'actor'
	at antlr.Parser.match(Parser.java:211)
	at com.puppycrawl.tools.checkstyle.grammars.GeneratedJavaRecognizer.compilationUnit(GeneratedJavaRecognizer.java:211)
	at com.puppycrawl.tools.checkstyle.TreeWalker.parse(TreeWalker.java:446)
	at com.puppycrawl.tools.checkstyle.TreeWalker.processFiltered(TreeWalker.java:179)
	... 19 more

!ENTRY net.sf.eclipsecs.core 4 0 2017-10-15 16:19:12.693
!MESSAGE Checkstyle-Plugin: Exception was thrown while processing C:\MEINS\Programme\Workspace\GBO\GBO\src\gui\uebungen\Actor1.java
!STACK 0
com.puppycrawl.tools.checkstyle.api.CheckstyleException: Exception was thrown while processing C:\MEINS\Programme\Workspace\GBO\GBO\src\gui\uebungen\Actor1.java
	at com.puppycrawl.tools.checkstyle.Checker.processFiles(Checker.java:295)
	at com.puppycrawl.tools.checkstyle.Checker.process(Checker.java:213)
	at net.sf.eclipsecs.core.builder.Auditor.runAudit(Auditor.java:158)
	at net.sf.eclipsecs.core.builder.CheckstyleBuilder.handleBuildSelection(CheckstyleBuilder.java:301)
	at net.sf.eclipsecs.core.builder.CheckstyleBuilder.build(CheckstyleBuilder.java:172)
	at org.eclipse.core.internal.events.BuildManager$2.run(BuildManager.java:735)
	at org.eclipse.core.runtime.SafeRunner.run(SafeRunner.java:42)
	at org.eclipse.core.internal.events.BuildManager.basicBuild(BuildManager.java:206)
	at org.eclipse.core.internal.events.BuildManager.basicBuild(BuildManager.java:246)
	at org.eclipse.core.internal.events.BuildManager$1.run(BuildManager.java:301)
	at org.eclipse.core.runtime.SafeRunner.run(SafeRunner.java:42)
	at org.eclipse.core.internal.events.BuildManager.basicBuild(BuildManager.java:304)
	at org.eclipse.core.internal.events.BuildManager.basicBuildLoop(BuildManager.java:360)
	at org.eclipse.core.internal.events.BuildManager.build(BuildManager.java:383)
	at org.eclipse.core.internal.events.AutoBuildJob.doBuild(AutoBuildJob.java:142)
	at org.eclipse.core.internal.events.AutoBuildJob.run(AutoBuildJob.java:232)
	at org.eclipse.core.internal.jobs.Worker.run(Worker.java:56)
Caused by: com.puppycrawl.tools.checkstyle.api.CheckstyleException: MismatchedTokenException occurred during the analysis of file C:\MEINS\Programme\Workspace\GBO\GBO\src\gui\uebungen\Actor1.java.
	at com.puppycrawl.tools.checkstyle.TreeWalker.processFiltered(TreeWalker.java:199)
	at com.puppycrawl.tools.checkstyle.api.AbstractFileSetCheck.process(AbstractFileSetCheck.java:78)
	at com.puppycrawl.tools.checkstyle.Checker.processFile(Checker.java:316)
	at com.puppycrawl.tools.checkstyle.Checker.processFiles(Checker.java:286)
	... 16 more
Caused by: C:\MEINS\Programme\Workspace\GBO\GBO\src\gui\uebungen\Actor1.java:28:9: expecting EOF, found 'this'
	at antlr.Parser.match(Parser.java:211)
	at com.puppycrawl.tools.checkstyle.grammars.GeneratedJavaRecognizer.compilationUnit(GeneratedJavaRecognizer.java:211)
	at com.puppycrawl.tools.checkstyle.TreeWalker.parse(TreeWalker.java:446)
	at com.puppycrawl.tools.checkstyle.TreeWalker.processFiltered(TreeWalker.java:179)
	... 19 more

!ENTRY net.sf.eclipsecs.core 4 0 2017-10-15 16:25:33.086
!MESSAGE Checkstyle-Plugin: Exception was thrown while processing C:\MEINS\Programme\Workspace\GBO\GBO\src\gui\uebungen\Actor1.java
!STACK 0
com.puppycrawl.tools.checkstyle.api.CheckstyleException: Exception was thrown while processing C:\MEINS\Programme\Workspace\GBO\GBO\src\gui\uebungen\Actor1.java
	at com.puppycrawl.tools.checkstyle.Checker.processFiles(Checker.java:295)
	at com.puppycrawl.tools.checkstyle.Checker.process(Checker.java:213)
	at net.sf.eclipsecs.core.builder.Auditor.runAudit(Auditor.java:158)
	at net.sf.eclipsecs.core.builder.CheckstyleBuilder.handleBuildSelection(CheckstyleBuilder.java:301)
	at net.sf.eclipsecs.core.builder.CheckstyleBuilder.build(CheckstyleBuilder.java:172)
	at org.eclipse.core.internal.events.BuildManager$2.run(BuildManager.java:735)
	at org.eclipse.core.runtime.SafeRunner.run(SafeRunner.java:42)
	at org.eclipse.core.internal.events.BuildManager.basicBuild(BuildManager.java:206)
	at org.eclipse.core.internal.events.BuildManager.basicBuild(BuildManager.java:246)
	at org.eclipse.core.internal.events.BuildManager$1.run(BuildManager.java:301)
	at org.eclipse.core.runtime.SafeRunner.run(SafeRunner.java:42)
	at org.eclipse.core.internal.events.BuildManager.basicBuild(BuildManager.java:304)
	at org.eclipse.core.internal.events.BuildManager.basicBuildLoop(BuildManager.java:360)
	at org.eclipse.core.internal.events.BuildManager.build(BuildManager.java:383)
	at org.eclipse.core.internal.events.AutoBuildJob.doBuild(AutoBuildJob.java:142)
	at org.eclipse.core.internal.events.AutoBuildJob.run(AutoBuildJob.java:232)
	at org.eclipse.core.internal.jobs.Worker.run(Worker.java:56)
Caused by: com.puppycrawl.tools.checkstyle.api.CheckstyleException: MismatchedTokenException occurred during the analysis of file C:\MEINS\Programme\Workspace\GBO\GBO\src\gui\uebungen\Actor1.java.
	at com.puppycrawl.tools.checkstyle.TreeWalker.processFiltered(TreeWalker.java:199)
	at com.puppycrawl.tools.checkstyle.api.AbstractFileSetCheck.process(AbstractFileSetCheck.java:78)
	at com.puppycrawl.tools.checkstyle.Checker.processFile(Checker.java:316)
	at com.puppycrawl.tools.checkstyle.Checker.processFiles(Checker.java:286)
	... 16 more
Caused by: C:\MEINS\Programme\Workspace\GBO\GBO\src\gui\uebungen\Actor1.java:30:5: expecting EOF, found '}'
	at antlr.Parser.match(Parser.java:211)
	at com.puppycrawl.tools.checkstyle.grammars.GeneratedJavaRecognizer.compilationUnit(GeneratedJavaRecognizer.java:211)
	at com.puppycrawl.tools.checkstyle.TreeWalker.parse(TreeWalker.java:446)
	at com.puppycrawl.tools.checkstyle.TreeWalker.processFiltered(TreeWalker.java:179)
	... 19 more

!ENTRY net.sf.eclipsecs.core 4 0 2017-10-15 16:25:48.822
!MESSAGE Checkstyle-Plugin: Exception was thrown while processing C:\MEINS\Programme\Workspace\GBO\GBO\src\gui\uebungen\Actor1.java
!STACK 0
com.puppycrawl.tools.checkstyle.api.CheckstyleException: Exception was thrown while processing C:\MEINS\Programme\Workspace\GBO\GBO\src\gui\uebungen\Actor1.java
	at com.puppycrawl.tools.checkstyle.Checker.processFiles(Checker.java:295)
	at com.puppycrawl.tools.checkstyle.Checker.process(Checker.java:213)
	at net.sf.eclipsecs.core.builder.Auditor.runAudit(Auditor.java:158)
	at net.sf.eclipsecs.core.builder.CheckstyleBuilder.handleBuildSelection(CheckstyleBuilder.java:301)
	at net.sf.eclipsecs.core.builder.CheckstyleBuilder.build(CheckstyleBuilder.java:172)
	at org.eclipse.core.internal.events.BuildManager$2.run(BuildManager.java:735)
	at org.eclipse.core.runtime.SafeRunner.run(SafeRunner.java:42)
	at org.eclipse.core.internal.events.BuildManager.basicBuild(BuildManager.java:206)
	at org.eclipse.core.internal.events.BuildManager.basicBuild(BuildManager.java:246)
	at org.eclipse.core.internal.events.BuildManager$1.run(BuildManager.java:301)
	at org.eclipse.core.runtime.SafeRunner.run(SafeRunner.java:42)
	at org.eclipse.core.internal.events.BuildManager.basicBuild(BuildManager.java:304)
	at org.eclipse.core.internal.events.BuildManager.basicBuildLoop(BuildManager.java:360)
	at org.eclipse.core.internal.events.BuildManager.build(BuildManager.java:383)
	at org.eclipse.core.internal.events.AutoBuildJob.doBuild(AutoBuildJob.java:142)
	at org.eclipse.core.internal.events.AutoBuildJob.run(AutoBuildJob.java:232)
	at org.eclipse.core.internal.jobs.Worker.run(Worker.java:56)
Caused by: com.puppycrawl.tools.checkstyle.api.CheckstyleException: MismatchedTokenException occurred during the analysis of file C:\MEINS\Programme\Workspace\GBO\GBO\src\gui\uebungen\Actor1.java.
	at com.puppycrawl.tools.checkstyle.TreeWalker.processFiltered(TreeWalker.java:199)
	at com.puppycrawl.tools.checkstyle.api.AbstractFileSetCheck.process(AbstractFileSetCheck.java:78)
	at com.puppycrawl.tools.checkstyle.Checker.processFile(Checker.java:316)
	at com.puppycrawl.tools.checkstyle.Checker.processFiles(Checker.java:286)
	... 16 more
Caused by: C:\MEINS\Programme\Workspace\GBO\GBO\src\gui\uebungen\Actor1.java:30:5: expecting EOF, found '}'
	at antlr.Parser.match(Parser.java:211)
	at com.puppycrawl.tools.checkstyle.grammars.GeneratedJavaRecognizer.compilationUnit(GeneratedJavaRecognizer.java:211)
	at com.puppycrawl.tools.checkstyle.TreeWalker.parse(TreeWalker.java:446)
	at com.puppycrawl.tools.checkstyle.TreeWalker.processFiltered(TreeWalker.java:179)
	... 19 more

!ENTRY net.sf.eclipsecs.core 4 0 2017-10-15 16:55:22.640
!MESSAGE Checkstyle-Plugin: Exception was thrown while processing C:\MEINS\Programme\Workspace\GBO\GBO\src\gui\uebungen\Actor1.java
!STACK 0
com.puppycrawl.tools.checkstyle.api.CheckstyleException: Exception was thrown while processing C:\MEINS\Programme\Workspace\GBO\GBO\src\gui\uebungen\Actor1.java
	at com.puppycrawl.tools.checkstyle.Checker.processFiles(Checker.java:295)
	at com.puppycrawl.tools.checkstyle.Checker.process(Checker.java:213)
	at net.sf.eclipsecs.core.builder.Auditor.runAudit(Auditor.java:158)
	at net.sf.eclipsecs.core.builder.CheckstyleBuilder.handleBuildSelection(CheckstyleBuilder.java:301)
	at net.sf.eclipsecs.core.builder.CheckstyleBuilder.build(CheckstyleBuilder.java:172)
	at org.eclipse.core.internal.events.BuildManager$2.run(BuildManager.java:735)
	at org.eclipse.core.runtime.SafeRunner.run(SafeRunner.java:42)
	at org.eclipse.core.internal.events.BuildManager.basicBuild(BuildManager.java:206)
	at org.eclipse.core.internal.events.BuildManager.basicBuild(BuildManager.java:246)
	at org.eclipse.core.internal.events.BuildManager$1.run(BuildManager.java:301)
	at org.eclipse.core.runtime.SafeRunner.run(SafeRunner.java:42)
	at org.eclipse.core.internal.events.BuildManager.basicBuild(BuildManager.java:304)
	at org.eclipse.core.internal.events.BuildManager.basicBuildLoop(BuildManager.java:360)
	at org.eclipse.core.internal.events.BuildManager.build(BuildManager.java:383)
	at org.eclipse.core.internal.events.AutoBuildJob.doBuild(AutoBuildJob.java:142)
	at org.eclipse.core.internal.events.AutoBuildJob.run(AutoBuildJob.java:232)
	at org.eclipse.core.internal.jobs.Worker.run(Worker.java:56)
Caused by: com.puppycrawl.tools.checkstyle.api.CheckstyleException: MismatchedTokenException occurred during the analysis of file C:\MEINS\Programme\Workspace\GBO\GBO\src\gui\uebungen\Actor1.java.
	at com.puppycrawl.tools.checkstyle.TreeWalker.processFiltered(TreeWalker.java:199)
	at com.puppycrawl.tools.checkstyle.api.AbstractFileSetCheck.process(AbstractFileSetCheck.java:78)
	at com.puppycrawl.tools.checkstyle.Checker.processFile(Checker.java:316)
	at com.puppycrawl.tools.checkstyle.Checker.processFiles(Checker.java:286)
	... 16 more
Caused by: C:\MEINS\Programme\Workspace\GBO\GBO\src\gui\uebungen\Actor1.java:33:9: expecting EOF, found 'System'
	at antlr.Parser.match(Parser.java:211)
	at com.puppycrawl.tools.checkstyle.grammars.GeneratedJavaRecognizer.compilationUnit(GeneratedJavaRecognizer.java:211)
	at com.puppycrawl.tools.checkstyle.TreeWalker.parse(TreeWalker.java:446)
	at com.puppycrawl.tools.checkstyle.TreeWalker.processFiltered(TreeWalker.java:179)
	... 19 more
!SESSION 2017-10-15 17:18:39.956 -----------------------------------------------
eclipse.buildId=4.7.0.I20170612-0950
java.version=1.8.0_65
java.vendor=Oracle Corporation
BootLoader constants: OS=win32, ARCH=x86_64, WS=win32, NL=de_DE
Framework arguments:  -product org.eclipse.epp.package.java.product
Command-line arguments:  -os win32 -ws win32 -arch x86_64 -product org.eclipse.epp.package.java.product

!ENTRY org.eclipse.ui 2 0 2017-10-15 17:19:06.799
!MESSAGE Warnings while parsing the commands from the 'org.eclipse.ui.commands' and 'org.eclipse.ui.actionDefinitions' extension points.
!SUBENTRY 1 org.eclipse.ui 2 0 2017-10-15 17:19:06.799
!MESSAGE Commands should really have a category: plug-in='net.sf.eclipsecs.ui', id='CheckstylePlugin.PurgeCaches', categoryId='net.sf.eclipsecs'

!ENTRY org.eclipse.ui 2 0 2017-10-15 17:19:07.549
!MESSAGE Warnings while parsing the commands from the 'org.eclipse.ui.commands' and 'org.eclipse.ui.actionDefinitions' extension points.
!SUBENTRY 1 org.eclipse.ui 2 0 2017-10-15 17:19:07.549
!MESSAGE Commands should really have a category: plug-in='net.sf.eclipsecs.ui', id='CheckstylePlugin.PurgeCaches', categoryId='net.sf.eclipsecs'

!ENTRY org.eclipse.egit.ui 2 0 2017-10-15 17:19:19.591
!MESSAGE Warning: The environment variable HOME is not set. The following directory will be used to store the Git
user global configuration and to define the default location to store repositories: 'C:\Users\freek'. If this is
not correct please set the HOME environment variable and restart Eclipse. Otherwise Git for Windows and
EGit might behave differently since they see different configuration options.
This warning can be switched off on the Team > Git > Confirmations and Warnings preference page.

!ENTRY org.eclipse.oomph.setup.ui 1 0 2017-10-15 17:19:33.563
!MESSAGE Setup tasks were performed during startup updating 170 preferences. See 'C:\MEINS\Programme\001_IDEs\eclipseOxygen\configuration\org.eclipse.oomph.setup\setup.log' for details
!SESSION 2017-10-15 17:23:03.364 -----------------------------------------------
eclipse.buildId=4.7.0.I20170612-0950
java.version=1.8.0_144
java.vendor=Oracle Corporation
BootLoader constants: OS=win32, ARCH=x86_64, WS=win32, NL=de_DE
Framework arguments:  -product org.eclipse.epp.package.java.product
Command-line arguments:  -os win32 -ws win32 -arch x86_64 -product org.eclipse.epp.package.java.product

!ENTRY org.eclipse.ui 2 0 2017-10-15 17:23:21.262
!MESSAGE Warnings while parsing the commands from the 'org.eclipse.ui.commands' and 'org.eclipse.ui.actionDefinitions' extension points.
!SUBENTRY 1 org.eclipse.ui 2 0 2017-10-15 17:23:21.262
!MESSAGE Commands should really have a category: plug-in='net.sf.eclipsecs.ui', id='CheckstylePlugin.PurgeCaches', categoryId='net.sf.eclipsecs'

!ENTRY org.eclipse.ui 2 0 2017-10-15 17:23:21.627
!MESSAGE Warnings while parsing the commands from the 'org.eclipse.ui.commands' and 'org.eclipse.ui.actionDefinitions' extension points.
!SUBENTRY 1 org.eclipse.ui 2 0 2017-10-15 17:23:21.627
!MESSAGE Commands should really have a category: plug-in='net.sf.eclipsecs.ui', id='CheckstylePlugin.PurgeCaches', categoryId='net.sf.eclipsecs'

!ENTRY org.eclipse.egit.ui 2 0 2017-10-15 17:23:27.463
!MESSAGE Warning: The environment variable HOME is not set. The following directory will be used to store the Git
user global configuration and to define the default location to store repositories: 'C:\Users\Tobi'. If this is
not correct please set the HOME environment variable and restart Eclipse. Otherwise Git for Windows and
EGit might behave differently since they see different configuration options.
This warning can be switched off on the Team > Git > Confirmations and Warnings preference page.

!ENTRY org.eclipse.core.resources 4 2 2017-10-15 17:23:32.030
!MESSAGE Problems occurred when invoking code from plug-in: "org.eclipse.core.resources".
!STACK 1
org.eclipse.core.runtime.CoreException: C:\MEINS\Programme\Workspace\GBO\Style\CheckstyleConfig1.xml (Das System kann den angegebenen Pfad nicht finden)
	at net.sf.eclipsecs.core.builder.CheckstyleBuilder.handleBuildSelection(CheckstyleBuilder.java:307)
	at net.sf.eclipsecs.core.builder.CheckstyleBuilder.build(CheckstyleBuilder.java:172)
	at org.eclipse.core.internal.events.BuildManager$2.run(BuildManager.java:735)
	at org.eclipse.core.runtime.SafeRunner.run(SafeRunner.java:42)
	at org.eclipse.core.internal.events.BuildManager.basicBuild(BuildManager.java:206)
	at org.eclipse.core.internal.events.BuildManager.basicBuild(BuildManager.java:246)
	at org.eclipse.core.internal.events.BuildManager$1.run(BuildManager.java:301)
	at org.eclipse.core.runtime.SafeRunner.run(SafeRunner.java:42)
	at org.eclipse.core.internal.events.BuildManager.basicBuild(BuildManager.java:304)
	at org.eclipse.core.internal.events.BuildManager.basicBuildLoop(BuildManager.java:360)
	at org.eclipse.core.internal.events.BuildManager.build(BuildManager.java:383)
	at org.eclipse.core.internal.events.AutoBuildJob.doBuild(AutoBuildJob.java:142)
	at org.eclipse.core.internal.events.AutoBuildJob.run(AutoBuildJob.java:232)
	at org.eclipse.core.internal.jobs.Worker.run(Worker.java:56)
Caused by: net.sf.eclipsecs.core.util.CheckstylePluginException: C:\MEINS\Programme\Workspace\GBO\Style\CheckstyleConfig1.xml (Das System kann den angegebenen Pfad nicht finden)
	at net.sf.eclipsecs.core.util.CheckstylePluginException.rethrow(CheckstylePluginException.java:67)
	at net.sf.eclipsecs.core.util.CheckstylePluginException.rethrow(CheckstylePluginException.java:80)
	at net.sf.eclipsecs.core.config.configtypes.ConfigurationType.getCheckstyleConfiguration(ConfigurationType.java:143)
	at net.sf.eclipsecs.core.config.CheckConfiguration.getCheckstyleConfiguration(CheckConfiguration.java:161)
	at net.sf.eclipsecs.core.builder.CheckerFactory.getCacheKey(CheckerFactory.java:209)
	at net.sf.eclipsecs.core.builder.CheckerFactory.createChecker(CheckerFactory.java:105)
	at net.sf.eclipsecs.core.builder.Auditor.runAudit(Auditor.java:141)
	at net.sf.eclipsecs.core.builder.CheckstyleBuilder.handleBuildSelection(CheckstyleBuilder.java:301)
	... 13 more
Caused by: java.io.FileNotFoundException: C:\MEINS\Programme\Workspace\GBO\Style\CheckstyleConfig1.xml (Das System kann den angegebenen Pfad nicht finden)
	at java.io.FileInputStream.open0(Native Method)
	at java.io.FileInputStream.open(Unknown Source)
	at java.io.FileInputStream.<init>(Unknown Source)
	at java.io.FileInputStream.<init>(Unknown Source)
	at sun.net.www.protocol.file.FileURLConnection.connect(Unknown Source)
	at net.sf.eclipsecs.core.config.configtypes.ConfigurationType.getCheckstyleConfiguration(ConfigurationType.java:124)
	... 18 more
!SUBENTRY 1 net.sf.eclipsecs.core 4 4 2017-10-15 17:23:32.032
!MESSAGE C:\MEINS\Programme\Workspace\GBO\Style\CheckstyleConfig1.xml (Das System kann den angegebenen Pfad nicht finden)
!STACK 0
net.sf.eclipsecs.core.util.CheckstylePluginException: C:\MEINS\Programme\Workspace\GBO\Style\CheckstyleConfig1.xml (Das System kann den angegebenen Pfad nicht finden)
	at net.sf.eclipsecs.core.util.CheckstylePluginException.rethrow(CheckstylePluginException.java:67)
	at net.sf.eclipsecs.core.util.CheckstylePluginException.rethrow(CheckstylePluginException.java:80)
	at net.sf.eclipsecs.core.config.configtypes.ConfigurationType.getCheckstyleConfiguration(ConfigurationType.java:143)
	at net.sf.eclipsecs.core.config.CheckConfiguration.getCheckstyleConfiguration(CheckConfiguration.java:161)
	at net.sf.eclipsecs.core.builder.CheckerFactory.getCacheKey(CheckerFactory.java:209)
	at net.sf.eclipsecs.core.builder.CheckerFactory.createChecker(CheckerFactory.java:105)
	at net.sf.eclipsecs.core.builder.Auditor.runAudit(Auditor.java:141)
	at net.sf.eclipsecs.core.builder.CheckstyleBuilder.handleBuildSelection(CheckstyleBuilder.java:301)
	at net.sf.eclipsecs.core.builder.CheckstyleBuilder.build(CheckstyleBuilder.java:172)
	at org.eclipse.core.internal.events.BuildManager$2.run(BuildManager.java:735)
	at org.eclipse.core.runtime.SafeRunner.run(SafeRunner.java:42)
	at org.eclipse.core.internal.events.BuildManager.basicBuild(BuildManager.java:206)
	at org.eclipse.core.internal.events.BuildManager.basicBuild(BuildManager.java:246)
	at org.eclipse.core.internal.events.BuildManager$1.run(BuildManager.java:301)
	at org.eclipse.core.runtime.SafeRunner.run(SafeRunner.java:42)
	at org.eclipse.core.internal.events.BuildManager.basicBuild(BuildManager.java:304)
	at org.eclipse.core.internal.events.BuildManager.basicBuildLoop(BuildManager.java:360)
	at org.eclipse.core.internal.events.BuildManager.build(BuildManager.java:383)
	at org.eclipse.core.internal.events.AutoBuildJob.doBuild(AutoBuildJob.java:142)
	at org.eclipse.core.internal.events.AutoBuildJob.run(AutoBuildJob.java:232)
	at org.eclipse.core.internal.jobs.Worker.run(Worker.java:56)
Caused by: java.io.FileNotFoundException: C:\MEINS\Programme\Workspace\GBO\Style\CheckstyleConfig1.xml (Das System kann den angegebenen Pfad nicht finden)
	at java.io.FileInputStream.open0(Native Method)
	at java.io.FileInputStream.open(Unknown Source)
	at java.io.FileInputStream.<init>(Unknown Source)
	at java.io.FileInputStream.<init>(Unknown Source)
	at sun.net.www.protocol.file.FileURLConnection.connect(Unknown Source)
	at net.sf.eclipsecs.core.config.configtypes.ConfigurationType.getCheckstyleConfiguration(ConfigurationType.java:124)
	... 18 more
!SUBENTRY 1 net.sf.eclipsecs.core 4 4 2017-10-15 17:23:32.032
!MESSAGE C:\MEINS\Programme\Workspace\GBO\Style\CheckstyleConfig1.xml (Das System kann den angegebenen Pfad nicht finden)
!STACK 0
net.sf.eclipsecs.core.util.CheckstylePluginException: C:\MEINS\Programme\Workspace\GBO\Style\CheckstyleConfig1.xml (Das System kann den angegebenen Pfad nicht finden)
	at net.sf.eclipsecs.core.util.CheckstylePluginException.rethrow(CheckstylePluginException.java:67)
	at net.sf.eclipsecs.core.util.CheckstylePluginException.rethrow(CheckstylePluginException.java:80)
	at net.sf.eclipsecs.core.config.configtypes.ConfigurationType.getCheckstyleConfiguration(ConfigurationType.java:143)
	at net.sf.eclipsecs.core.config.CheckConfiguration.getCheckstyleConfiguration(CheckConfiguration.java:161)
	at net.sf.eclipsecs.core.builder.CheckerFactory.getCacheKey(CheckerFactory.java:209)
	at net.sf.eclipsecs.core.builder.CheckerFactory.createChecker(CheckerFactory.java:105)
	at net.sf.eclipsecs.core.builder.Auditor.runAudit(Auditor.java:141)
	at net.sf.eclipsecs.core.builder.CheckstyleBuilder.handleBuildSelection(CheckstyleBuilder.java:301)
	at net.sf.eclipsecs.core.builder.CheckstyleBuilder.build(CheckstyleBuilder.java:172)
	at org.eclipse.core.internal.events.BuildManager$2.run(BuildManager.java:735)
	at org.eclipse.core.runtime.SafeRunner.run(SafeRunner.java:42)
	at org.eclipse.core.internal.events.BuildManager.basicBuild(BuildManager.java:206)
	at org.eclipse.core.internal.events.BuildManager.basicBuild(BuildManager.java:246)
	at org.eclipse.core.internal.events.BuildManager$1.run(BuildManager.java:301)
	at org.eclipse.core.runtime.SafeRunner.run(SafeRunner.java:42)
	at org.eclipse.core.internal.events.BuildManager.basicBuild(BuildManager.java:304)
	at org.eclipse.core.internal.events.BuildManager.basicBuildLoop(BuildManager.java:360)
	at org.eclipse.core.internal.events.BuildManager.build(BuildManager.java:383)
	at org.eclipse.core.internal.events.AutoBuildJob.doBuild(AutoBuildJob.java:142)
	at org.eclipse.core.internal.events.AutoBuildJob.run(AutoBuildJob.java:232)
	at org.eclipse.core.internal.jobs.Worker.run(Worker.java:56)
Caused by: java.io.FileNotFoundException: C:\MEINS\Programme\Workspace\GBO\Style\CheckstyleConfig1.xml (Das System kann den angegebenen Pfad nicht finden)
	at java.io.FileInputStream.open0(Native Method)
	at java.io.FileInputStream.open(Unknown Source)
	at java.io.FileInputStream.<init>(Unknown Source)
	at java.io.FileInputStream.<init>(Unknown Source)
	at sun.net.www.protocol.file.FileURLConnection.connect(Unknown Source)
	at net.sf.eclipsecs.core.config.configtypes.ConfigurationType.getCheckstyleConfiguration(ConfigurationType.java:124)
	... 18 more

!ENTRY org.eclipse.core.resources 4 75 2017-10-15 17:23:32.145
!MESSAGE Errors occurred during the build.
!SUBENTRY 1 net.sf.eclipsecs.core 4 75 2017-10-15 17:23:32.145
!MESSAGE Errors running builder 'Checkstyle Builder' on project 'GBO'.
!STACK 1
org.eclipse.core.runtime.CoreException: C:\MEINS\Programme\Workspace\GBO\Style\CheckstyleConfig1.xml (Das System kann den angegebenen Pfad nicht finden)
	at net.sf.eclipsecs.core.builder.CheckstyleBuilder.handleBuildSelection(CheckstyleBuilder.java:307)
	at net.sf.eclipsecs.core.builder.CheckstyleBuilder.build(CheckstyleBuilder.java:172)
	at org.eclipse.core.internal.events.BuildManager$2.run(BuildManager.java:735)
	at org.eclipse.core.runtime.SafeRunner.run(SafeRunner.java:42)
	at org.eclipse.core.internal.events.BuildManager.basicBuild(BuildManager.java:206)
	at org.eclipse.core.internal.events.BuildManager.basicBuild(BuildManager.java:246)
	at org.eclipse.core.internal.events.BuildManager$1.run(BuildManager.java:301)
	at org.eclipse.core.runtime.SafeRunner.run(SafeRunner.java:42)
	at org.eclipse.core.internal.events.BuildManager.basicBuild(BuildManager.java:304)
	at org.eclipse.core.internal.events.BuildManager.basicBuildLoop(BuildManager.java:360)
	at org.eclipse.core.internal.events.BuildManager.build(BuildManager.java:383)
	at org.eclipse.core.internal.events.AutoBuildJob.doBuild(AutoBuildJob.java:142)
	at org.eclipse.core.internal.events.AutoBuildJob.run(AutoBuildJob.java:232)
	at org.eclipse.core.internal.jobs.Worker.run(Worker.java:56)
Caused by: net.sf.eclipsecs.core.util.CheckstylePluginException: C:\MEINS\Programme\Workspace\GBO\Style\CheckstyleConfig1.xml (Das System kann den angegebenen Pfad nicht finden)
	at net.sf.eclipsecs.core.util.CheckstylePluginException.rethrow(CheckstylePluginException.java:67)
	at net.sf.eclipsecs.core.util.CheckstylePluginException.rethrow(CheckstylePluginException.java:80)
	at net.sf.eclipsecs.core.config.configtypes.ConfigurationType.getCheckstyleConfiguration(ConfigurationType.java:143)
	at net.sf.eclipsecs.core.config.CheckConfiguration.getCheckstyleConfiguration(CheckConfiguration.java:161)
	at net.sf.eclipsecs.core.builder.CheckerFactory.getCacheKey(CheckerFactory.java:209)
	at net.sf.eclipsecs.core.builder.CheckerFactory.createChecker(CheckerFactory.java:105)
	at net.sf.eclipsecs.core.builder.Auditor.runAudit(Auditor.java:141)
	at net.sf.eclipsecs.core.builder.CheckstyleBuilder.handleBuildSelection(CheckstyleBuilder.java:301)
	... 13 more
Caused by: java.io.FileNotFoundException: C:\MEINS\Programme\Workspace\GBO\Style\CheckstyleConfig1.xml (Das System kann den angegebenen Pfad nicht finden)
	at java.io.FileInputStream.open0(Native Method)
	at java.io.FileInputStream.open(Unknown Source)
	at java.io.FileInputStream.<init>(Unknown Source)
	at java.io.FileInputStream.<init>(Unknown Source)
	at sun.net.www.protocol.file.FileURLConnection.connect(Unknown Source)
	at net.sf.eclipsecs.core.config.configtypes.ConfigurationType.getCheckstyleConfiguration(ConfigurationType.java:124)
	... 18 more
!SUBENTRY 2 net.sf.eclipsecs.core 4 4 2017-10-15 17:23:32.146
!MESSAGE C:\MEINS\Programme\Workspace\GBO\Style\CheckstyleConfig1.xml (Das System kann den angegebenen Pfad nicht finden)
!STACK 0
net.sf.eclipsecs.core.util.CheckstylePluginException: C:\MEINS\Programme\Workspace\GBO\Style\CheckstyleConfig1.xml (Das System kann den angegebenen Pfad nicht finden)
	at net.sf.eclipsecs.core.util.CheckstylePluginException.rethrow(CheckstylePluginException.java:67)
	at net.sf.eclipsecs.core.util.CheckstylePluginException.rethrow(CheckstylePluginException.java:80)
	at net.sf.eclipsecs.core.config.configtypes.ConfigurationType.getCheckstyleConfiguration(ConfigurationType.java:143)
	at net.sf.eclipsecs.core.config.CheckConfiguration.getCheckstyleConfiguration(CheckConfiguration.java:161)
	at net.sf.eclipsecs.core.builder.CheckerFactory.getCacheKey(CheckerFactory.java:209)
	at net.sf.eclipsecs.core.builder.CheckerFactory.createChecker(CheckerFactory.java:105)
	at net.sf.eclipsecs.core.builder.Auditor.runAudit(Auditor.java:141)
	at net.sf.eclipsecs.core.builder.CheckstyleBuilder.handleBuildSelection(CheckstyleBuilder.java:301)
	at net.sf.eclipsecs.core.builder.CheckstyleBuilder.build(CheckstyleBuilder.java:172)
	at org.eclipse.core.internal.events.BuildManager$2.run(BuildManager.java:735)
	at org.eclipse.core.runtime.SafeRunner.run(SafeRunner.java:42)
	at org.eclipse.core.internal.events.BuildManager.basicBuild(BuildManager.java:206)
	at org.eclipse.core.internal.events.BuildManager.basicBuild(BuildManager.java:246)
	at org.eclipse.core.internal.events.BuildManager$1.run(BuildManager.java:301)
	at org.eclipse.core.runtime.SafeRunner.run(SafeRunner.java:42)
	at org.eclipse.core.internal.events.BuildManager.basicBuild(BuildManager.java:304)
	at org.eclipse.core.internal.events.BuildManager.basicBuildLoop(BuildManager.java:360)
	at org.eclipse.core.internal.events.BuildManager.build(BuildManager.java:383)
	at org.eclipse.core.internal.events.AutoBuildJob.doBuild(AutoBuildJob.java:142)
	at org.eclipse.core.internal.events.AutoBuildJob.run(AutoBuildJob.java:232)
	at org.eclipse.core.internal.jobs.Worker.run(Worker.java:56)
Caused by: java.io.FileNotFoundException: C:\MEINS\Programme\Workspace\GBO\Style\CheckstyleConfig1.xml (Das System kann den angegebenen Pfad nicht finden)
	at java.io.FileInputStream.open0(Native Method)
	at java.io.FileInputStream.open(Unknown Source)
	at java.io.FileInputStream.<init>(Unknown Source)
	at java.io.FileInputStream.<init>(Unknown Source)
	at sun.net.www.protocol.file.FileURLConnection.connect(Unknown Source)
	at net.sf.eclipsecs.core.config.configtypes.ConfigurationType.getCheckstyleConfiguration(ConfigurationType.java:124)
	... 18 more
!SUBENTRY 1 net.sf.eclipsecs.core 4 4 2017-10-15 17:23:32.147
!MESSAGE C:\MEINS\Programme\Workspace\GBO\Style\CheckstyleConfig1.xml (Das System kann den angegebenen Pfad nicht finden)
!STACK 0
net.sf.eclipsecs.core.util.CheckstylePluginException: C:\MEINS\Programme\Workspace\GBO\Style\CheckstyleConfig1.xml (Das System kann den angegebenen Pfad nicht finden)
	at net.sf.eclipsecs.core.util.CheckstylePluginException.rethrow(CheckstylePluginException.java:67)
	at net.sf.eclipsecs.core.util.CheckstylePluginException.rethrow(CheckstylePluginException.java:80)
	at net.sf.eclipsecs.core.config.configtypes.ConfigurationType.getCheckstyleConfiguration(ConfigurationType.java:143)
	at net.sf.eclipsecs.core.config.CheckConfiguration.getCheckstyleConfiguration(CheckConfiguration.java:161)
	at net.sf.eclipsecs.core.builder.CheckerFactory.getCacheKey(CheckerFactory.java:209)
	at net.sf.eclipsecs.core.builder.CheckerFactory.createChecker(CheckerFactory.java:105)
	at net.sf.eclipsecs.core.builder.Auditor.runAudit(Auditor.java:141)
	at net.sf.eclipsecs.core.builder.CheckstyleBuilder.handleBuildSelection(CheckstyleBuilder.java:301)
	at net.sf.eclipsecs.core.builder.CheckstyleBuilder.build(CheckstyleBuilder.java:172)
	at org.eclipse.core.internal.events.BuildManager$2.run(BuildManager.java:735)
	at org.eclipse.core.runtime.SafeRunner.run(SafeRunner.java:42)
	at org.eclipse.core.internal.events.BuildManager.basicBuild(BuildManager.java:206)
	at org.eclipse.core.internal.events.BuildManager.basicBuild(BuildManager.java:246)
	at org.eclipse.core.internal.events.BuildManager$1.run(BuildManager.java:301)
	at org.eclipse.core.runtime.SafeRunner.run(SafeRunner.java:42)
	at org.eclipse.core.internal.events.BuildManager.basicBuild(BuildManager.java:304)
	at org.eclipse.core.internal.events.BuildManager.basicBuildLoop(BuildManager.java:360)
	at org.eclipse.core.internal.events.BuildManager.build(BuildManager.java:383)
	at org.eclipse.core.internal.events.AutoBuildJob.doBuild(AutoBuildJob.java:142)
	at org.eclipse.core.internal.events.AutoBuildJob.run(AutoBuildJob.java:232)
	at org.eclipse.core.internal.jobs.Worker.run(Worker.java:56)
Caused by: java.io.FileNotFoundException: C:\MEINS\Programme\Workspace\GBO\Style\CheckstyleConfig1.xml (Das System kann den angegebenen Pfad nicht finden)
	at java.io.FileInputStream.open0(Native Method)
	at java.io.FileInputStream.open(Unknown Source)
	at java.io.FileInputStream.<init>(Unknown Source)
	at java.io.FileInputStream.<init>(Unknown Source)
	at sun.net.www.protocol.file.FileURLConnection.connect(Unknown Source)
	at net.sf.eclipsecs.core.config.configtypes.ConfigurationType.getCheckstyleConfiguration(ConfigurationType.java:124)
	... 18 more
